mode: atomic
velox/go-master/internal/translation/clip_translator.go:15.54,19.2 1 4
velox/go-master/internal/translation/clip_translator.go:23.78,27.30 3 19
velox/go-master/internal/translation/clip_translator.go:50.2,50.19 1 19
velox/go-master/internal/translation/clip_translator.go:27.30,31.18 2 58
velox/go-master/internal/translation/clip_translator.go:36.3,36.41 1 58
velox/go-master/internal/translation/clip_translator.go:31.18,32.12 1 0
velox/go-master/internal/translation/clip_translator.go:36.41,37.18 1 56
velox/go-master/internal/translation/clip_translator.go:37.18,40.5 2 56
velox/go-master/internal/translation/clip_translator.go:41.9,43.20 1 2
velox/go-master/internal/translation/clip_translator.go:43.20,46.5 2 2
velox/go-master/internal/translation/clip_translator.go:54.68,58.2 3 4
velox/go-master/internal/translation/clip_translator.go:61.192,66.2 4 0
velox/go-master/internal/translation/clip_translator.go:69.78,91.35 4 5
velox/go-master/internal/translation/clip_translator.go:106.2,106.19 1 5
velox/go-master/internal/translation/clip_translator.go:91.35,93.39 2 7
velox/go-master/internal/translation/clip_translator.go:93.39,94.18 1 7
velox/go-master/internal/translation/clip_translator.go:94.18,97.5 2 5
velox/go-master/internal/translation/clip_translator.go:98.9,99.20 1 0
velox/go-master/internal/translation/clip_translator.go:99.20,102.5 2 0
velox/go-master/internal/translation/clip_translator.go:111.46,282.2 1 5
velox/go-master/internal/download/downloader.go:44.50,45.21 1 4
velox/go-master/internal/download/downloader.go:48.2,49.42 2 4
velox/go-master/internal/download/downloader.go:45.21,47.3 1 1
velox/go-master/internal/download/downloader.go:53.89,55.20 2 1
velox/go-master/internal/download/downloader.go:59.2,59.18 1 0
velox/go-master/internal/download/downloader.go:55.20,57.3 1 1
velox/go-master/internal/download/downloader.go:60.23,61.37 1 0
velox/go-master/internal/download/downloader.go:62.22,63.36 1 0
velox/go-master/internal/download/downloader.go:64.10,65.65 1 0
velox/go-master/internal/download/downloader.go:70.42,72.25 2 12
velox/go-master/internal/download/downloader.go:75.2,75.24 1 8
velox/go-master/internal/download/downloader.go:78.2,78.11 1 5
velox/go-master/internal/download/downloader.go:72.25,74.3 1 4
velox/go-master/internal/download/downloader.go:75.24,77.3 1 3
velox/go-master/internal/download/downloader.go:82.40,83.40 1 7
velox/go-master/internal/download/downloader.go:86.2,86.39 1 4
velox/go-master/internal/download/downloader.go:89.2,89.11 1 1
velox/go-master/internal/download/downloader.go:83.40,85.3 1 3
velox/go-master/internal/download/downloader.go:86.39,88.3 1 3
velox/go-master/internal/download/downloader.go:92.36,94.2 1 25
velox/go-master/internal/download/downloader.go:96.35,98.2 1 17
velox/go-master/internal/download/downloader.go:100.42,102.33 1 10
velox/go-master/internal/download/downloader.go:109.2,109.40 1 7
velox/go-master/internal/download/downloader.go:116.2,116.37 1 4
velox/go-master/internal/download/downloader.go:123.2,123.11 1 1
velox/go-master/internal/download/downloader.go:102.33,105.21 2 3
velox/go-master/internal/download/downloader.go:105.21,107.4 1 3
velox/go-master/internal/download/downloader.go:109.40,112.21 2 3
velox/go-master/internal/download/downloader.go:112.21,114.4 1 3
velox/go-master/internal/download/downloader.go:116.37,119.21 2 3
velox/go-master/internal/download/downloader.go:119.21,121.4 1 3
velox/go-master/internal/download/downloader.go:126.41,130.22 3 7
velox/go-master/internal/download/downloader.go:134.2,135.28 2 4
velox/go-master/internal/download/downloader.go:130.22,132.3 1 3
velox/go-master/internal/download/downloader.go:139.96,141.19 2 0
velox/go-master/internal/download/downloader.go:145.2,152.16 3 0
velox/go-master/internal/download/downloader.go:163.2,177.16 6 0
velox/go-master/internal/download/downloader.go:182.2,183.35 2 0
velox/go-master/internal/download/downloader.go:187.2,203.20 3 0
velox/go-master/internal/download/downloader.go:141.19,143.3 1 0
velox/go-master/internal/download/downloader.go:152.16,160.3 2 0
velox/go-master/internal/download/downloader.go:177.16,179.3 1 0
velox/go-master/internal/download/downloader.go:183.35,185.3 1 0
velox/go-master/internal/download/downloader.go:207.95,209.19 2 0
velox/go-master/internal/download/downloader.go:213.2,220.16 3 0
velox/go-master/internal/download/downloader.go:231.2,245.16 6 0
velox/go-master/internal/download/downloader.go:250.2,251.35 2 0
velox/go-master/internal/download/downloader.go:255.2,271.20 3 0
velox/go-master/internal/download/downloader.go:209.19,211.3 1 0
velox/go-master/internal/download/downloader.go:220.16,228.3 2 0
velox/go-master/internal/download/downloader.go:245.16,247.3 1 0
velox/go-master/internal/download/downloader.go:251.35,253.3 1 0
velox/go-master/internal/download/downloader.go:284.88,294.16 4 0
velox/go-master/internal/download/downloader.go:298.2,299.54 2 0
velox/go-master/internal/download/downloader.go:303.2,303.19 1 0
velox/go-master/internal/download/downloader.go:294.16,296.3 1 0
velox/go-master/internal/download/downloader.go:299.54,301.3 1 0
velox/go-master/internal/download/downloader.go:307.69,318.30 3 0
velox/go-master/internal/download/downloader.go:333.2,333.20 1 0
velox/go-master/internal/download/downloader.go:318.30,319.52 1 0
velox/go-master/internal/download/downloader.go:324.3,325.17 2 0
velox/go-master/internal/download/downloader.go:330.3,330.25 1 0
velox/go-master/internal/download/downloader.go:319.52,321.12 2 0
velox/go-master/internal/download/downloader.go:325.17,327.12 2 0
velox/go-master/internal/download/downloader.go:337.66,339.2 1 2
velox/go-master/internal/ml/ollama/generate.go:18.46,20.2 1 8
velox/go-master/internal/ml/ollama/generate.go:23.41,25.2 1 1
velox/go-master/internal/ml/ollama/generate.go:28.114,30.24 1 2
velox/go-master/internal/ml/ollama/generate.go:33.2,33.23 1 2
velox/go-master/internal/ml/ollama/generate.go:36.2,36.20 1 2
velox/go-master/internal/ml/ollama/generate.go:39.2,39.21 1 2
velox/go-master/internal/ml/ollama/generate.go:44.2,48.16 3 2
velox/go-master/internal/ml/ollama/generate.go:53.2,69.8 5 2
velox/go-master/internal/ml/ollama/generate.go:30.24,32.3 1 1
velox/go-master/internal/ml/ollama/generate.go:33.23,35.3 1 1
velox/go-master/internal/ml/ollama/generate.go:36.20,38.3 1 1
velox/go-master/internal/ml/ollama/generate.go:39.21,41.3 1 2
velox/go-master/internal/ml/ollama/generate.go:48.16,50.3 1 0
velox/go-master/internal/ml/ollama/generate.go:73.120,75.24 1 1
velox/go-master/internal/ml/ollama/generate.go:78.2,78.23 1 1
velox/go-master/internal/ml/ollama/generate.go:81.2,81.21 1 1
velox/go-master/internal/ml/ollama/generate.go:87.2,87.119 1 1
velox/go-master/internal/ml/ollama/generate.go:75.24,77.3 1 1
velox/go-master/internal/ml/ollama/generate.go:78.23,80.3 1 1
velox/go-master/internal/ml/ollama/generate.go:81.21,83.3 1 1
velox/go-master/internal/ml/ollama/generate.go:91.149,93.24 1 1
velox/go-master/internal/ml/ollama/generate.go:96.2,96.23 1 1
velox/go-master/internal/ml/ollama/generate.go:99.2,99.21 1 1
velox/go-master/internal/ml/ollama/generate.go:104.2,108.16 3 1
velox/go-master/internal/ml/ollama/generate.go:113.2,129.8 5 1
velox/go-master/internal/ml/ollama/generate.go:93.24,95.3 1 0
velox/go-master/internal/ml/ollama/generate.go:96.23,98.3 1 0
velox/go-master/internal/ml/ollama/generate.go:99.21,101.3 1 1
velox/go-master/internal/ml/ollama/generate.go:108.16,110.3 1 0
velox/go-master/internal/ml/ollama/generate.go:133.106,135.24 1 1
velox/go-master/internal/ml/ollama/generate.go:138.2,138.20 1 1
velox/go-master/internal/ml/ollama/generate.go:141.2,141.21 1 1
velox/go-master/internal/ml/ollama/generate.go:146.2,150.16 3 1
velox/go-master/internal/ml/ollama/generate.go:155.2,170.8 5 1
velox/go-master/internal/ml/ollama/generate.go:135.24,137.3 1 0
velox/go-master/internal/ml/ollama/generate.go:138.20,140.3 1 0
velox/go-master/internal/ml/ollama/generate.go:141.21,143.3 1 1
velox/go-master/internal/ml/ollama/generate.go:150.16,152.3 1 0
velox/go-master/internal/ml/ollama/generate.go:174.70,176.16 2 1
velox/go-master/internal/ml/ollama/generate.go:181.2,182.27 2 1
velox/go-master/internal/ml/ollama/generate.go:190.2,190.20 1 1
velox/go-master/internal/ml/ollama/generate.go:176.16,178.3 1 0
velox/go-master/internal/ml/ollama/generate.go:182.27,188.3 1 1
velox/go-master/internal/ml/ollama/prompts.go:11.41,13.25 1 10
velox/go-master/internal/ml/ollama/prompts.go:18.2,19.14 2 10
velox/go-master/internal/ml/ollama/prompts.go:13.25,15.3 1 0
velox/go-master/internal/ml/ollama/prompts.go:23.57,64.2 5 2
velox/go-master/internal/ml/ollama/prompts.go:67.88,101.2 4 1
velox/go-master/internal/ml/ollama/prompts.go:104.61,127.2 3 1
velox/go-master/internal/ml/ollama/prompts.go:130.71,170.2 1 6
velox/go-master/internal/ml/ollama/prompts.go:173.52,183.18 3 10
velox/go-master/internal/ml/ollama/prompts.go:187.2,196.49 2 10
velox/go-master/internal/ml/ollama/prompts.go:200.2,200.15 1 10
velox/go-master/internal/ml/ollama/prompts.go:183.18,185.3 1 1
velox/go-master/internal/ml/ollama/prompts.go:196.49,198.3 1 10
velox/go-master/internal/ml/ollama/prompts.go:204.40,208.64 2 8
velox/go-master/internal/ml/ollama/prompts.go:213.2,219.15 4 8
velox/go-master/internal/ml/ollama/prompts.go:208.64,210.3 1 2
velox/go-master/internal/ml/ollama/prompts.go:223.42,226.2 1 9
velox/go-master/internal/ml/ollama/prompts.go:229.34,231.2 1 9
velox/go-master/internal/ml/ollama/client.go:24.47,25.19 1 27
velox/go-master/internal/ml/ollama/client.go:28.2,28.17 1 27
velox/go-master/internal/ml/ollama/client.go:32.2,38.3 1 27
velox/go-master/internal/ml/ollama/client.go:25.19,27.3 1 1
velox/go-master/internal/ml/ollama/client.go:28.17,30.3 1 1
velox/go-master/internal/ml/ollama/client.go:57.79,65.16 3 17
velox/go-master/internal/ml/ollama/client.go:69.2,70.16 2 17
velox/go-master/internal/ml/ollama/client.go:73.2,76.16 3 17
velox/go-master/internal/ml/ollama/client.go:79.2,81.38 2 16
velox/go-master/internal/ml/ollama/client.go:85.2,86.67 2 15
velox/go-master/internal/ml/ollama/client.go:90.2,91.29 2 14
velox/go-master/internal/ml/ollama/client.go:65.16,67.3 1 0
velox/go-master/internal/ml/ollama/client.go:70.16,72.3 1 0
velox/go-master/internal/ml/ollama/client.go:76.16,78.3 1 1
velox/go-master/internal/ml/ollama/client.go:81.38,83.3 1 1
velox/go-master/internal/ml/ollama/client.go:86.67,88.3 1 1
velox/go-master/internal/ml/ollama/client.go:95.112,110.2 2 1
velox/go-master/internal/ml/ollama/client.go:113.127,127.2 2 1
velox/go-master/internal/ml/ollama/client.go:130.92,133.2 2 1
velox/go-master/internal/ml/ollama/client.go:136.56,138.16 2 3
velox/go-master/internal/ml/ollama/client.go:142.2,143.16 2 3
velox/go-master/internal/ml/ollama/client.go:146.2,148.41 2 2
velox/go-master/internal/ml/ollama/client.go:138.16,140.3 1 0
velox/go-master/internal/ml/ollama/client.go:143.16,145.3 1 1
velox/go-master/internal/ml/ollama/client.go:164.71,166.16 2 3
velox/go-master/internal/ml/ollama/client.go:170.2,171.16 2 3
velox/go-master/internal/ml/ollama/client.go:174.2,176.38 2 3
velox/go-master/internal/ml/ollama/client.go:180.2,181.67 2 2
velox/go-master/internal/ml/ollama/client.go:185.2,186.27 2 2
velox/go-master/internal/ml/ollama/client.go:166.16,168.3 1 0
velox/go-master/internal/ml/ollama/client.go:171.16,173.3 1 0
velox/go-master/internal/ml/ollama/client.go:176.38,178.3 1 1
velox/go-master/internal/ml/ollama/client.go:181.67,183.3 1 0
velox/go-master/internal/ml/ollama/client.go:206.128,208.22 2 6
velox/go-master/internal/ml/ollama/client.go:213.2,217.16 3 6
velox/go-master/internal/ml/ollama/client.go:222.2,223.16 2 6
velox/go-master/internal/ml/ollama/client.go:227.2,227.20 1 6
velox/go-master/internal/ml/ollama/client.go:208.22,210.3 1 1
velox/go-master/internal/ml/ollama/client.go:217.16,219.3 1 0
velox/go-master/internal/ml/ollama/client.go:223.16,225.3 1 0
velox/go-master/internal/ml/ollama/client.go:231.130,232.24 1 2
velox/go-master/internal/ml/ollama/client.go:236.2,236.22 1 1
velox/go-master/internal/ml/ollama/client.go:240.2,247.35 2 1
velox/go-master/internal/ml/ollama/client.go:284.2,284.22 1 1
velox/go-master/internal/ml/ollama/client.go:232.24,234.3 1 1
velox/go-master/internal/ml/ollama/client.go:236.22,238.3 1 0
velox/go-master/internal/ml/ollama/client.go:247.35,255.17 3 3
velox/go-master/internal/ml/ollama/client.go:266.3,281.32 3 3
velox/go-master/internal/ml/ollama/client.go:255.17,264.4 1 0
velox/go-master/internal/ml/ollama/client.go:288.102,292.50 2 10
velox/go-master/internal/ml/ollama/client.go:304.2,311.62 2 10
velox/go-master/internal/ml/ollama/client.go:316.2,316.32 1 9
velox/go-master/internal/ml/ollama/client.go:319.2,319.29 1 9
velox/go-master/internal/ml/ollama/client.go:322.2,322.33 1 9
velox/go-master/internal/ml/ollama/client.go:325.2,325.33 1 9
velox/go-master/internal/ml/ollama/client.go:329.2,335.8 1 9
velox/go-master/internal/ml/ollama/client.go:292.50,294.14 2 1
velox/go-master/internal/ml/ollama/client.go:294.14,296.4 1 1
velox/go-master/internal/ml/ollama/client.go:297.8,297.53 1 9
velox/go-master/internal/ml/ollama/client.go:297.53,299.14 2 0
velox/go-master/internal/ml/ollama/client.go:299.14,301.4 1 0
velox/go-master/internal/ml/ollama/client.go:311.62,313.3 1 1
velox/go-master/internal/ml/ollama/client.go:316.32,318.3 1 2
velox/go-master/internal/ml/ollama/client.go:319.29,321.3 1 2
velox/go-master/internal/ml/ollama/client.go:322.33,324.3 1 2
velox/go-master/internal/ml/ollama/client.go:325.33,327.3 1 2
velox/go-master/internal/nvidia/client.go:36.30,45.2 1 0
velox/go-master/internal/nvidia/client.go:48.46,49.22 1 0
velox/go-master/internal/nvidia/client.go:53.2,57.23 4 0
velox/go-master/internal/nvidia/client.go:61.2,67.8 1 0
velox/go-master/internal/nvidia/client.go:49.22,51.3 1 0
velox/go-master/internal/nvidia/client.go:57.23,59.3 1 0
velox/go-master/internal/nvidia/client.go:72.157,99.16 6 0
velox/go-master/internal/nvidia/client.go:103.2,103.28 1 0
velox/go-master/internal/nvidia/client.go:107.2,116.20 4 0
velox/go-master/internal/nvidia/client.go:99.16,101.3 1 0
velox/go-master/internal/nvidia/client.go:103.28,105.3 1 0
velox/go-master/internal/nvidia/client.go:120.146,125.22 2 0
velox/go-master/internal/nvidia/client.go:130.2,151.16 5 0
velox/go-master/internal/nvidia/client.go:155.2,155.28 1 0
velox/go-master/internal/nvidia/client.go:159.2,166.21 4 0
velox/go-master/internal/nvidia/client.go:125.22,127.3 1 0
velox/go-master/internal/nvidia/client.go:151.16,153.3 1 0
velox/go-master/internal/nvidia/client.go:155.28,157.3 1 0
velox/go-master/internal/nvidia/client.go:170.57,178.2 2 0
velox/go-master/internal/nvidia/client.go:184.40,204.2 1 0
velox/go-master/internal/nvidia/client.go:206.112,219.2 1 0
velox/go-master/internal/nvidia/client.go:221.100,232.27 3 0
velox/go-master/internal/nvidia/client.go:236.2,237.20 2 0
velox/go-master/internal/nvidia/client.go:232.27,234.3 1 0
velox/go-master/internal/nvidia/client.go:261.68,273.57 3 0
velox/go-master/internal/nvidia/client.go:296.2,296.50 1 0
velox/go-master/internal/nvidia/client.go:305.2,305.33 1 0
velox/go-master/internal/nvidia/client.go:316.2,316.15 1 0
velox/go-master/internal/nvidia/client.go:273.57,276.41 1 0
velox/go-master/internal/nvidia/client.go:276.41,277.46 1 0
velox/go-master/internal/nvidia/client.go:277.46,279.44 1 0
velox/go-master/internal/nvidia/client.go:290.5,290.10 1 0
velox/go-master/internal/nvidia/client.go:279.44,280.48 1 0
velox/go-master/internal/nvidia/client.go:280.48,282.70 2 0
velox/go-master/internal/nvidia/client.go:285.7,287.12 3 0
velox/go-master/internal/nvidia/client.go:282.70,284.8 1 0
velox/go-master/internal/nvidia/client.go:296.50,298.3 1 0
velox/go-master/internal/nvidia/client.go:298.8,298.55 1 0
velox/go-master/internal/nvidia/client.go:298.55,300.3 1 0
velox/go-master/internal/nvidia/client.go:300.8,300.55 1 0
velox/go-master/internal/nvidia/client.go:300.55,302.3 1 0
velox/go-master/internal/nvidia/client.go:305.33,306.32 1 0
velox/go-master/internal/nvidia/client.go:307.19,308.30 1 0
velox/go-master/internal/nvidia/client.go:309.17,310.30 1 0
velox/go-master/internal/nvidia/client.go:311.17,312.30 1 0
velox/go-master/internal/nvidia/client.go:319.94,323.37 2 0
velox/go-master/internal/nvidia/client.go:331.2,331.16 1 0
velox/go-master/internal/nvidia/client.go:323.37,329.3 1 0
velox/go-master/internal/nvidia/client.go:338.53,339.38 1 0
velox/go-master/internal/nvidia/client.go:342.2,342.19 1 0
velox/go-master/internal/nvidia/client.go:339.38,341.3 1 0
velox/go-master/internal/core/worker/service.go:41.72,42.16 1 12
velox/go-master/internal/core/worker/service.go:45.2,53.3 1 12
velox/go-master/internal/core/worker/service.go:42.16,44.3 1 12
velox/go-master/internal/core/worker/service.go:57.58,59.16 2 0
velox/go-master/internal/core/worker/service.go:64.2,65.16 2 0
velox/go-master/internal/core/worker/service.go:70.2,71.16 2 0
velox/go-master/internal/core/worker/service.go:76.2,83.34 6 0
velox/go-master/internal/core/worker/service.go:88.2,95.12 3 0
velox/go-master/internal/core/worker/service.go:59.16,62.3 2 0
velox/go-master/internal/core/worker/service.go:65.16,68.3 2 0
velox/go-master/internal/core/worker/service.go:71.16,74.3 2 0
velox/go-master/internal/core/worker/service.go:83.34,84.25 1 0
velox/go-master/internal/core/worker/service.go:84.25,86.4 1 0
velox/go-master/internal/core/worker/service.go:99.58,102.30 3 14
velox/go-master/internal/core/worker/service.go:105.2,107.60 2 14
velox/go-master/internal/core/worker/service.go:111.2,111.12 1 14
velox/go-master/internal/core/worker/service.go:102.30,104.3 1 15
velox/go-master/internal/core/worker/service.go:107.60,110.3 2 0
velox/go-master/internal/core/worker/service.go:115.125,117.39 1 12
velox/go-master/internal/core/worker/service.go:124.2,155.43 9 12
velox/go-master/internal/core/worker/service.go:159.2,166.35 2 12
velox/go-master/internal/core/worker/service.go:117.39,118.29 1 0
velox/go-master/internal/core/worker/service.go:118.29,120.4 1 0
velox/go-master/internal/core/worker/service.go:155.43,157.3 1 0
velox/go-master/internal/core/worker/service.go:170.64,175.13 4 5
velox/go-master/internal/core/worker/service.go:178.2,178.28 1 3
velox/go-master/internal/core/worker/service.go:175.13,177.3 1 2
velox/go-master/internal/core/worker/service.go:182.74,187.13 4 1
velox/go-master/internal/core/worker/service.go:191.2,191.30 1 1
velox/go-master/internal/core/worker/service.go:187.13,189.3 1 0
velox/go-master/internal/core/worker/service.go:195.50,200.35 4 1
velox/go-master/internal/core/worker/service.go:203.2,203.16 1 1
velox/go-master/internal/core/worker/service.go:200.35,202.3 1 2
velox/go-master/internal/core/worker/service.go:207.56,212.35 4 0
velox/go-master/internal/core/worker/service.go:217.2,217.16 1 0
velox/go-master/internal/core/worker/service.go:212.35,213.93 1 0
velox/go-master/internal/core/worker/service.go:213.93,215.4 1 0
velox/go-master/internal/core/worker/service.go:221.100,224.13 3 1
velox/go-master/internal/core/worker/service.go:230.2,230.33 1 1
velox/go-master/internal/core/worker/service.go:234.2,234.67 1 1
velox/go-master/internal/core/worker/service.go:240.2,253.35 12 1
velox/go-master/internal/core/worker/service.go:258.2,258.29 1 1
velox/go-master/internal/core/worker/service.go:263.2,263.31 1 1
velox/go-master/internal/core/worker/service.go:268.2,272.43 4 1
velox/go-master/internal/core/worker/service.go:276.2,281.12 2 1
velox/go-master/internal/core/worker/service.go:224.13,227.3 2 0
velox/go-master/internal/core/worker/service.go:230.33,233.3 2 0
velox/go-master/internal/core/worker/service.go:234.67,237.3 2 0
velox/go-master/internal/core/worker/service.go:253.35,255.3 1 0
velox/go-master/internal/core/worker/service.go:258.29,260.3 1 0
velox/go-master/internal/core/worker/service.go:263.31,265.3 1 0
velox/go-master/internal/core/worker/service.go:272.43,274.3 1 0
velox/go-master/internal/core/worker/service.go:285.109,287.2 1 0
velox/go-master/internal/core/worker/service.go:290.152,292.16 2 0
velox/go-master/internal/core/worker/service.go:296.2,304.62 2 0
velox/go-master/internal/core/worker/service.go:308.2,314.17 3 0
velox/go-master/internal/core/worker/service.go:292.16,294.3 1 0
velox/go-master/internal/core/worker/service.go:304.62,306.3 1 0
velox/go-master/internal/core/worker/service.go:318.75,320.2 1 0
velox/go-master/internal/core/worker/service.go:323.91,329.43 5 1
velox/go-master/internal/core/worker/service.go:333.2,333.76 1 1
velox/go-master/internal/core/worker/service.go:337.2,342.12 2 1
velox/go-master/internal/core/worker/service.go:329.43,331.3 1 0
velox/go-master/internal/core/worker/service.go:333.76,335.3 1 0
velox/go-master/internal/core/worker/service.go:346.95,356.84 4 3
velox/go-master/internal/core/worker/service.go:360.2,365.12 2 3
velox/go-master/internal/core/worker/service.go:356.84,358.3 1 0
velox/go-master/internal/core/worker/service.go:369.82,374.84 4 1
velox/go-master/internal/core/worker/service.go:378.2,379.12 2 1
velox/go-master/internal/core/worker/service.go:374.84,376.3 1 0
velox/go-master/internal/core/worker/service.go:383.50,391.36 6 0
velox/go-master/internal/core/worker/service.go:409.2,409.16 1 0
velox/go-master/internal/core/worker/service.go:391.36,392.50 1 0
velox/go-master/internal/core/worker/service.go:396.3,396.46 1 0
velox/go-master/internal/core/worker/service.go:392.50,393.12 1 0
velox/go-master/internal/core/worker/service.go:396.46,406.4 5 0
velox/go-master/internal/core/worker/service.go:413.57,417.2 3 3
velox/go-master/internal/core/worker/service.go:420.61,425.2 4 4
velox/go-master/internal/core/worker/service.go:428.67,429.48 1 2
velox/go-master/internal/core/worker/service.go:432.2,432.34 1 2
velox/go-master/internal/core/worker/service.go:435.2,435.38 1 2
velox/go-master/internal/core/worker/service.go:438.2,438.28 1 1
velox/go-master/internal/core/worker/service.go:441.2,441.13 1 1
velox/go-master/internal/core/worker/service.go:429.48,431.3 1 0
velox/go-master/internal/core/worker/service.go:432.34,434.3 1 0
velox/go-master/internal/core/worker/service.go:435.38,437.3 1 1
velox/go-master/internal/core/worker/service.go:438.28,440.3 1 0
velox/go-master/internal/core/worker/service.go:445.59,450.35 4 1
velox/go-master/internal/core/worker/service.go:463.2,473.14 2 1
velox/go-master/internal/core/worker/service.go:450.35,451.24 1 2
velox/go-master/internal/core/worker/service.go:452.34,453.12 1 2
velox/go-master/internal/core/worker/service.go:454.35,455.13 1 0
velox/go-master/internal/core/worker/service.go:456.32,457.10 1 0
velox/go-master/internal/core/worker/service.go:458.27,459.16 1 0
velox/go-master/internal/core/worker/service.go:477.42,479.44 2 12
velox/go-master/internal/core/worker/service.go:484.2,484.34 1 12
velox/go-master/internal/core/worker/service.go:479.44,483.3 2 0
velox/go-master/internal/core/worker/service.go:488.47,490.21 2 0
velox/go-master/internal/core/worker/service.go:494.2,494.51 1 0
velox/go-master/internal/core/worker/service.go:507.2,507.14 1 0
velox/go-master/internal/core/worker/service.go:490.21,492.3 1 0
velox/go-master/internal/core/worker/service.go:494.51,495.21 1 0
velox/go-master/internal/core/worker/service.go:498.3,498.20 1 0
velox/go-master/internal/core/worker/service.go:502.3,503.44 2 0
velox/go-master/internal/core/worker/service.go:495.21,497.4 1 0
velox/go-master/internal/core/worker/service.go:498.20,500.4 1 0
velox/go-master/internal/core/worker/service.go:503.44,505.4 1 0
velox/go-master/internal/core/worker/service.go:511.84,513.27 1 0
velox/go-master/internal/core/worker/service.go:513.27,520.3 1 0
velox/go-master/internal/core/worker/service.go:524.111,532.29 6 0
velox/go-master/internal/core/worker/service.go:542.2,544.38 3 0
velox/go-master/internal/core/worker/service.go:554.2,554.38 1 0
velox/go-master/internal/core/worker/service.go:558.2,561.30 2 0
velox/go-master/internal/core/worker/service.go:568.2,568.15 1 0
velox/go-master/internal/core/worker/service.go:532.29,539.3 1 0
velox/go-master/internal/core/worker/service.go:544.38,545.36 1 0
velox/go-master/internal/core/worker/service.go:545.36,547.34 2 0
velox/go-master/internal/core/worker/service.go:547.34,549.5 1 0
velox/go-master/internal/core/worker/service.go:554.38,556.3 1 0
velox/go-master/internal/core/worker/service.go:561.30,567.3 2 0
velox/go-master/internal/core/worker/service.go:573.101,581.84 2 0
velox/go-master/internal/core/worker/service.go:585.2,590.12 2 0
velox/go-master/internal/core/worker/service.go:581.84,583.3 1 0
velox/go-master/internal/core/job/service.go:33.72,34.16 1 13
velox/go-master/internal/core/job/service.go:37.2,42.3 1 13
velox/go-master/internal/core/job/service.go:34.16,36.3 1 13
velox/go-master/internal/core/job/service.go:46.56,48.16 2 0
velox/go-master/internal/core/job/service.go:52.2,56.12 5 0
velox/go-master/internal/core/job/service.go:48.16,51.3 2 0
velox/go-master/internal/core/job/service.go:60.56,66.56 5 13
velox/go-master/internal/core/job/service.go:70.2,70.12 1 13
velox/go-master/internal/core/job/service.go:66.56,69.3 2 0
velox/go-master/internal/core/job/service.go:74.100,75.25 1 10
velox/go-master/internal/core/job/service.go:79.2,80.24 2 10
velox/go-master/internal/core/job/service.go:83.2,83.22 1 10
velox/go-master/internal/core/job/service.go:87.2,89.33 2 10
velox/go-master/internal/core/job/service.go:95.2,99.41 3 10
velox/go-master/internal/core/job/service.go:104.2,112.17 3 10
velox/go-master/internal/core/job/service.go:75.25,77.3 1 0
velox/go-master/internal/core/job/service.go:80.24,82.3 1 1
velox/go-master/internal/core/job/service.go:83.22,85.3 1 0
velox/go-master/internal/core/job/service.go:89.33,90.21 1 1
velox/go-master/internal/core/job/service.go:90.21,93.4 2 0
velox/go-master/internal/core/job/service.go:99.41,101.3 1 0
velox/go-master/internal/core/job/service.go:116.79,119.35 2 7
velox/go-master/internal/core/job/service.go:125.2,128.34 2 2
velox/go-master/internal/core/job/service.go:119.35,120.19 1 5
velox/go-master/internal/core/job/service.go:120.19,123.4 2 5
velox/go-master/internal/core/job/service.go:132.97,135.2 1 0
velox/go-master/internal/core/job/service.go:138.46,145.2 5 0
velox/go-master/internal/core/job/service.go:148.163,152.33 3 10
velox/go-master/internal/core/job/service.go:158.2,161.16 2 10
velox/go-master/internal/core/job/service.go:170.2,173.57 2 10
velox/go-master/internal/core/job/service.go:182.2,187.19 5 9
velox/go-master/internal/core/job/service.go:190.2,190.20 1 9
velox/go-master/internal/core/job/service.go:194.2,194.16 1 9
velox/go-master/internal/core/job/service.go:211.2,212.33 2 9
velox/go-master/internal/core/job/service.go:218.2,221.57 2 9
velox/go-master/internal/core/job/service.go:229.2,235.12 2 9
velox/go-master/internal/core/job/service.go:152.33,153.20 1 10
velox/go-master/internal/core/job/service.go:153.20,155.9 2 10
velox/go-master/internal/core/job/service.go:161.16,164.17 3 0
velox/go-master/internal/core/job/service.go:164.17,166.4 1 0
velox/go-master/internal/core/job/service.go:173.57,180.3 2 1
velox/go-master/internal/core/job/service.go:187.19,189.3 1 1
velox/go-master/internal/core/job/service.go:190.20,192.3 1 1
velox/go-master/internal/core/job/service.go:195.31,197.65 2 3
velox/go-master/internal/core/job/service.go:198.33,200.72 2 1
velox/go-master/internal/core/job/service.go:201.30,204.80 3 1
velox/go-master/internal/core/job/service.go:205.33,207.59 2 0
velox/go-master/internal/core/job/service.go:212.33,213.20 1 9
velox/go-master/internal/core/job/service.go:213.20,215.9 2 9
velox/go-master/internal/core/job/service.go:221.57,224.52 2 0
velox/go-master/internal/core/job/service.go:224.52,226.4 1 0
velox/go-master/internal/core/job/service.go:239.95,243.33 4 2
velox/go-master/internal/core/job/service.go:250.2,252.16 2 2
velox/go-master/internal/core/job/service.go:256.2,256.83 1 2
velox/go-master/internal/core/job/service.go:260.2,273.74 10 2
velox/go-master/internal/core/job/service.go:276.2,278.41 2 2
velox/go-master/internal/core/job/service.go:282.2,289.12 3 2
velox/go-master/internal/core/job/service.go:243.33,244.20 1 2
velox/go-master/internal/core/job/service.go:244.20,247.9 3 2
velox/go-master/internal/core/job/service.go:252.16,254.3 1 0
velox/go-master/internal/core/job/service.go:256.83,258.3 1 0
velox/go-master/internal/core/job/service.go:273.74,275.3 1 2
velox/go-master/internal/core/job/service.go:278.41,280.3 1 0
velox/go-master/internal/core/job/service.go:293.74,297.33 4 0
velox/go-master/internal/core/job/service.go:304.2,306.16 2 0
velox/go-master/internal/core/job/service.go:310.2,310.43 1 0
velox/go-master/internal/core/job/service.go:314.2,320.74 6 0
velox/go-master/internal/core/job/service.go:323.2,325.25 2 0
velox/go-master/internal/core/job/service.go:297.33,298.20 1 0
velox/go-master/internal/core/job/service.go:298.20,301.9 3 0
velox/go-master/internal/core/job/service.go:306.16,308.3 1 0
velox/go-master/internal/core/job/service.go:310.43,312.3 1 0
velox/go-master/internal/core/job/service.go:320.74,322.3 1 0
velox/go-master/internal/core/job/service.go:329.70,332.35 3 1
velox/go-master/internal/core/job/service.go:339.2,341.12 2 1
velox/go-master/internal/core/job/service.go:345.2,345.41 1 1
velox/go-master/internal/core/job/service.go:349.2,349.56 1 1
velox/go-master/internal/core/job/service.go:353.2,356.12 3 1
velox/go-master/internal/core/job/service.go:332.35,333.22 1 1
velox/go-master/internal/core/job/service.go:333.22,336.9 3 1
velox/go-master/internal/core/job/service.go:341.12,343.3 1 0
velox/go-master/internal/core/job/service.go:345.41,347.3 1 0
velox/go-master/internal/core/job/service.go:349.56,351.3 1 0
velox/go-master/internal/core/job/service.go:360.112,366.35 4 1
velox/go-master/internal/core/job/service.go:372.2,372.35 1 1
velox/go-master/internal/core/job/service.go:390.2,390.12 1 0
velox/go-master/internal/core/job/service.go:366.35,367.44 1 2
velox/go-master/internal/core/job/service.go:367.44,369.4 1 0
velox/go-master/internal/core/job/service.go:372.35,373.84 1 1
velox/go-master/internal/core/job/service.go:378.3,378.73 1 1
velox/go-master/internal/core/job/service.go:383.3,383.58 1 1
velox/go-master/internal/core/job/service.go:387.3,387.13 1 1
velox/go-master/internal/core/job/service.go:373.84,374.12 1 0
velox/go-master/internal/core/job/service.go:378.73,379.12 1 0
velox/go-master/internal/core/job/service.go:383.58,384.12 1 0
velox/go-master/internal/core/job/service.go:394.72,399.35 4 0
velox/go-master/internal/core/job/service.go:417.2,419.22 2 0
velox/go-master/internal/core/job/service.go:423.2,423.16 1 0
velox/go-master/internal/core/job/service.go:399.35,400.44 1 0
velox/go-master/internal/core/job/service.go:404.3,404.60 1 0
velox/go-master/internal/core/job/service.go:400.44,401.12 1 0
velox/go-master/internal/core/job/service.go:404.60,415.4 6 0
velox/go-master/internal/core/job/service.go:419.22,421.3 1 0
velox/go-master/internal/core/job/service.go:427.60,432.35 4 0
velox/go-master/internal/core/job/service.go:443.2,443.42 1 0
velox/go-master/internal/core/job/service.go:449.2,451.23 2 0
velox/go-master/internal/core/job/service.go:456.2,456.22 1 0
velox/go-master/internal/core/job/service.go:432.35,433.129 1 0
velox/go-master/internal/core/job/service.go:437.3,437.63 1 0
velox/go-master/internal/core/job/service.go:433.129,434.12 1 0
velox/go-master/internal/core/job/service.go:437.63,439.4 1 0
velox/go-master/internal/core/job/service.go:443.42,448.3 4 0
velox/go-master/internal/core/job/service.go:451.23,454.3 2 0
velox/go-master/internal/core/job/service.go:460.42,464.2 3 13
velox/go-master/internal/core/job/service.go:467.49,472.2 4 2
velox/go-master/internal/core/job/service.go:475.107,477.20 2 1
velox/go-master/internal/core/job/service.go:481.2,481.35 1 1
velox/go-master/internal/core/job/service.go:486.2,486.14 1 0
velox/go-master/internal/core/job/service.go:477.20,479.3 1 0
velox/go-master/internal/core/job/service.go:481.35,482.22 1 1
velox/go-master/internal/core/job/service.go:482.22,484.4 1 1
velox/go-master/internal/core/job/service.go:490.89,491.17 1 1
velox/go-master/internal/core/job/service.go:492.37,493.41 1 1
velox/go-master/internal/core/job/service.go:494.31,495.42 1 0
velox/go-master/internal/core/job/service.go:496.28,497.39 1 0
velox/go-master/internal/core/job/service.go:498.31,499.42 1 0
velox/go-master/internal/core/job/service.go:500.28,501.39 1 0
velox/go-master/internal/core/job/service.go:502.10,503.12 1 0
velox/go-master/internal/core/job/service.go:508.75,522.13 3 17
velox/go-master/internal/core/job/service.go:526.2,526.33 1 17
velox/go-master/internal/core/job/service.go:531.2,531.14 1 3
velox/go-master/internal/core/job/service.go:522.13,524.3 1 0
velox/go-master/internal/core/job/service.go:526.33,527.19 1 21
velox/go-master/internal/core/job/service.go:527.19,529.4 1 14
velox/go-master/internal/core/job/service.go:535.83,544.2 2 18
velox/go-master/internal/timestamp/mapper.go:78.45,80.33 2 1
velox/go-master/internal/timestamp/mapper.go:83.2,83.14 1 1
velox/go-master/internal/timestamp/mapper.go:80.33,82.3 1 2
velox/go-master/internal/timestamp/service.go:25.81,33.2 2 2
velox/go-master/internal/timestamp/service.go:36.107,42.33 2 2
velox/go-master/internal/timestamp/service.go:45.2,45.23 1 2
velox/go-master/internal/timestamp/service.go:49.2,59.39 4 2
velox/go-master/internal/timestamp/service.go:104.2,104.27 1 2
velox/go-master/internal/timestamp/service.go:110.2,110.31 1 2
velox/go-master/internal/timestamp/service.go:114.2,120.21 2 2
velox/go-master/internal/timestamp/service.go:42.33,44.3 1 1
velox/go-master/internal/timestamp/service.go:45.23,47.3 1 1
velox/go-master/internal/timestamp/service.go:59.39,65.23 2 2
velox/go-master/internal/timestamp/service.go:71.3,71.48 1 2
velox/go-master/internal/timestamp/service.go:77.3,77.66 1 2
velox/go-master/internal/timestamp/service.go:81.3,81.67 1 2
velox/go-master/internal/timestamp/service.go:86.3,86.46 1 2
velox/go-master/internal/timestamp/service.go:89.3,100.4 5 2
velox/go-master/internal/timestamp/service.go:65.23,68.4 2 2
velox/go-master/internal/timestamp/service.go:71.48,74.4 2 0
velox/go-master/internal/timestamp/service.go:77.66,79.4 1 0
velox/go-master/internal/timestamp/service.go:81.67,83.4 1 0
velox/go-master/internal/timestamp/service.go:86.46,88.4 1 1
velox/go-master/internal/timestamp/service.go:104.27,107.3 2 1
velox/go-master/internal/timestamp/service.go:110.31,112.3 1 1
velox/go-master/internal/timestamp/service.go:124.114,128.17 2 2
velox/go-master/internal/timestamp/service.go:133.2,142.41 3 2
velox/go-master/internal/timestamp/service.go:155.2,155.20 1 2
velox/go-master/internal/timestamp/service.go:128.17,130.3 1 0
velox/go-master/internal/timestamp/service.go:142.41,153.3 1 1
velox/go-master/internal/timestamp/service.go:159.116,160.25 1 0
velox/go-master/internal/timestamp/service.go:164.2,165.17 2 0
velox/go-master/internal/timestamp/service.go:170.2,171.16 2 0
velox/go-master/internal/timestamp/service.go:180.2,181.36 2 0
velox/go-master/internal/timestamp/service.go:198.2,198.20 1 0
velox/go-master/internal/timestamp/service.go:160.25,162.3 1 0
velox/go-master/internal/timestamp/service.go:165.17,167.3 1 0
velox/go-master/internal/timestamp/service.go:171.16,177.3 2 0
velox/go-master/internal/timestamp/service.go:181.36,184.28 2 0
velox/go-master/internal/timestamp/service.go:184.28,195.4 1 0
velox/go-master/internal/timestamp/service.go:202.51,213.43 4 6
velox/go-master/internal/timestamp/service.go:217.2,217.21 1 5
velox/go-master/internal/timestamp/service.go:222.2,222.20 1 4
velox/go-master/internal/timestamp/service.go:226.2,226.32 1 4
velox/go-master/internal/timestamp/service.go:213.43,215.3 1 1
velox/go-master/internal/timestamp/service.go:217.21,219.3 1 1
velox/go-master/internal/timestamp/service.go:222.20,224.3 1 0
velox/go-master/internal/timestamp/service.go:230.80,237.38 4 1
velox/go-master/internal/timestamp/service.go:245.2,245.42 1 1
velox/go-master/internal/timestamp/service.go:253.2,253.32 1 1
velox/go-master/internal/timestamp/service.go:260.2,260.17 1 1
velox/go-master/internal/timestamp/service.go:264.2,264.14 1 1
velox/go-master/internal/timestamp/service.go:237.38,239.87 2 3
velox/go-master/internal/timestamp/service.go:239.87,241.4 1 3
velox/go-master/internal/timestamp/service.go:245.42,247.51 2 0
velox/go-master/internal/timestamp/service.go:247.51,249.4 1 0
velox/go-master/internal/timestamp/service.go:253.32,254.56 1 3
velox/go-master/internal/timestamp/service.go:254.56,256.4 1 2
velox/go-master/internal/timestamp/service.go:260.17,262.3 1 1
velox/go-master/internal/timestamp/service.go:267.52,269.25 2 4
velox/go-master/internal/timestamp/service.go:275.2,275.15 1 4
velox/go-master/internal/timestamp/service.go:269.25,270.12 1 11
velox/go-master/internal/timestamp/service.go:273.3,273.14 1 11
velox/go-master/internal/timestamp/service.go:270.12,272.4 1 7
velox/go-master/internal/service/maintenance/maintenance.go:24.95,30.2 1 3
velox/go-master/internal/service/maintenance/maintenance.go:34.46,39.2 4 2
velox/go-master/internal/service/maintenance/maintenance.go:41.54,45.6 3 2
velox/go-master/internal/service/maintenance/maintenance.go:45.6,46.10 1 2
velox/go-master/internal/service/maintenance/maintenance.go:47.21,49.10 2 2
velox/go-master/internal/service/maintenance/maintenance.go:50.19,53.24 3 0
velox/go-master/internal/service/maintenance/maintenance.go:56.4,56.12 1 0
velox/go-master/internal/service/maintenance/maintenance.go:53.24,55.5 1 0
velox/go-master/internal/service/maintenance/maintenance.go:61.52,65.6 3 2
velox/go-master/internal/service/maintenance/maintenance.go:65.6,66.10 1 2
velox/go-master/internal/service/maintenance/maintenance.go:67.21,69.10 2 2
velox/go-master/internal/service/maintenance/maintenance.go:70.19,73.19 3 0
velox/go-master/internal/service/maintenance/maintenance.go:76.4,76.12 1 0
velox/go-master/internal/service/maintenance/maintenance.go:73.19,75.5 1 0
velox/go-master/internal/service/maintenance/maintenance.go:81.61,85.6 3 2
velox/go-master/internal/service/maintenance/maintenance.go:85.6,86.10 1 2
velox/go-master/internal/service/maintenance/maintenance.go:87.21,89.10 2 2
velox/go-master/internal/service/maintenance/maintenance.go:90.19,92.24 2 0
velox/go-master/internal/service/maintenance/maintenance.go:92.24,97.61 3 0
velox/go-master/internal/service/maintenance/maintenance.go:100.5,100.13 1 0
velox/go-master/internal/service/maintenance/maintenance.go:97.61,99.6 1 0
velox/go-master/internal/service/maintenance/maintenance.go:106.49,110.6 3 2
velox/go-master/internal/service/maintenance/maintenance.go:110.6,111.10 1 2
velox/go-master/internal/service/maintenance/maintenance.go:112.21,114.10 2 2
velox/go-master/internal/service/maintenance/maintenance.go:115.19,118.55 2 0
velox/go-master/internal/service/maintenance/maintenance.go:122.4,122.60 1 0
velox/go-master/internal/service/maintenance/maintenance.go:126.4,126.12 1 0
velox/go-master/internal/service/maintenance/maintenance.go:118.55,120.5 1 0
velox/go-master/internal/service/maintenance/maintenance.go:122.60,124.5 1 0
velox/go-master/internal/script/mapper.go:44.11,45.19 1 9
velox/go-master/internal/script/mapper.go:58.2,63.3 1 9
velox/go-master/internal/script/mapper.go:45.19,56.3 1 0
velox/go-master/internal/script/mapper.go:67.88,76.31 4 1
velox/go-master/internal/script/mapper.go:129.2,138.12 4 1
velox/go-master/internal/script/mapper.go:76.31,90.76 6 1
velox/go-master/internal/script/mapper.go:95.3,106.22 5 1
velox/go-master/internal/script/mapper.go:119.3,125.4 2 1
velox/go-master/internal/script/mapper.go:90.76,92.4 1 0
velox/go-master/internal/script/mapper.go:106.22,109.38 2 0
velox/go-master/internal/script/mapper.go:109.38,111.5 1 0
velox/go-master/internal/script/mapper.go:112.9,112.53 1 1
velox/go-master/internal/script/mapper.go:112.53,114.4 1 0
velox/go-master/internal/script/mapper.go:114.9,116.4 1 1
velox/go-master/internal/script/mapper.go:148.85,169.38 7 1
velox/go-master/internal/script/mapper.go:194.2,203.16 4 1
velox/go-master/internal/script/mapper.go:169.38,173.42 2 2
velox/go-master/internal/script/mapper.go:173.42,185.74 2 2
velox/go-master/internal/script/mapper.go:185.74,187.5 1 0
velox/go-master/internal/script/mapper.go:187.10,189.5 1 2
velox/go-master/internal/script/mapper.go:207.87,213.32 3 0
velox/go-master/internal/script/mapper.go:251.2,258.14 3 0
velox/go-master/internal/script/mapper.go:213.32,221.17 3 0
velox/go-master/internal/script/mapper.go:230.3,230.34 1 0
velox/go-master/internal/script/mapper.go:221.17,226.12 2 0
velox/go-master/internal/script/mapper.go:230.34,234.42 2 0
velox/go-master/internal/script/mapper.go:238.4,246.6 1 0
velox/go-master/internal/script/mapper.go:234.42,235.13 1 0
velox/go-master/internal/script/mapper.go:262.95,268.41 3 0
velox/go-master/internal/script/mapper.go:275.2,275.40 1 0
velox/go-master/internal/script/mapper.go:282.2,282.41 1 0
velox/go-master/internal/script/mapper.go:289.2,289.90 1 0
velox/go-master/internal/script/mapper.go:294.2,294.26 1 0
velox/go-master/internal/script/mapper.go:297.2,297.27 1 0
velox/go-master/internal/script/mapper.go:301.2,301.14 1 0
velox/go-master/internal/script/mapper.go:268.41,269.61 1 0
velox/go-master/internal/script/mapper.go:269.61,271.4 1 0
velox/go-master/internal/script/mapper.go:275.40,276.65 1 0
velox/go-master/internal/script/mapper.go:276.65,278.4 1 0
velox/go-master/internal/script/mapper.go:282.41,283.44 1 0
velox/go-master/internal/script/mapper.go:283.44,285.4 1 0
velox/go-master/internal/script/mapper.go:289.90,291.3 1 0
velox/go-master/internal/script/mapper.go:294.26,296.3 1 0
velox/go-master/internal/script/mapper.go:297.27,299.3 1 0
velox/go-master/internal/script/mapper.go:305.60,309.29 2 2
velox/go-master/internal/script/mapper.go:315.2,315.40 1 2
velox/go-master/internal/script/mapper.go:320.2,320.29 1 2
velox/go-master/internal/script/mapper.go:325.2,325.23 1 2
velox/go-master/internal/script/mapper.go:329.2,329.16 1 2
velox/go-master/internal/script/mapper.go:309.29,312.3 2 1
velox/go-master/internal/script/mapper.go:315.40,317.3 1 1
velox/go-master/internal/script/mapper.go:320.29,322.3 1 1
velox/go-master/internal/script/mapper.go:325.23,327.3 1 1
velox/go-master/internal/script/mapper.go:334.113,338.23 2 2
velox/go-master/internal/script/mapper.go:344.2,344.34 1 2
velox/go-master/internal/script/mapper.go:349.2,349.23 1 2
velox/go-master/internal/script/mapper.go:354.2,354.23 1 2
velox/go-master/internal/script/mapper.go:359.2,365.16 2 2
velox/go-master/internal/script/mapper.go:338.23,341.3 2 2
velox/go-master/internal/script/mapper.go:344.34,346.3 1 0
velox/go-master/internal/script/mapper.go:349.23,351.3 1 1
velox/go-master/internal/script/mapper.go:354.23,357.3 2 2
velox/go-master/internal/script/mapper.go:369.61,381.20 6 0
velox/go-master/internal/script/mapper.go:395.2,395.44 1 0
velox/go-master/internal/script/mapper.go:399.2,404.16 2 0
velox/go-master/internal/script/mapper.go:382.18,384.51 2 0
velox/go-master/internal/script/mapper.go:385.20,388.54 3 0
velox/go-master/internal/script/mapper.go:389.23,391.53 2 0
velox/go-master/internal/script/mapper.go:395.44,397.3 1 0
velox/go-master/internal/script/mapper.go:408.49,411.46 1 4
velox/go-master/internal/script/mapper.go:420.2,420.48 1 4
velox/go-master/internal/script/mapper.go:429.2,429.48 1 4
velox/go-master/internal/script/mapper.go:438.2,438.47 1 4
velox/go-master/internal/script/mapper.go:447.2,447.46 1 4
velox/go-master/internal/script/mapper.go:411.46,412.86 1 3
velox/go-master/internal/script/mapper.go:412.86,416.4 3 2
velox/go-master/internal/script/mapper.go:420.48,421.88 1 0
velox/go-master/internal/script/mapper.go:421.88,425.4 3 0
velox/go-master/internal/script/mapper.go:429.48,430.88 1 0
velox/go-master/internal/script/mapper.go:430.88,434.4 3 0
velox/go-master/internal/script/mapper.go:438.47,439.87 1 0
velox/go-master/internal/script/mapper.go:439.87,443.4 3 0
velox/go-master/internal/script/mapper.go:447.46,448.86 1 0
velox/go-master/internal/script/mapper.go:448.86,452.4 3 0
velox/go-master/internal/script/mapper.go:457.71,465.2 7 3
velox/go-master/internal/script/mapper.go:468.90,472.29 3 3
velox/go-master/internal/script/mapper.go:480.2,480.41 1 3
velox/go-master/internal/script/mapper.go:485.2,485.38 1 3
velox/go-master/internal/script/mapper.go:489.2,489.15 1 2
velox/go-master/internal/script/mapper.go:472.29,473.25 1 8
velox/go-master/internal/script/mapper.go:473.25,476.4 2 5
velox/go-master/internal/script/mapper.go:480.41,482.3 1 3
velox/go-master/internal/script/mapper.go:485.38,487.3 1 1
velox/go-master/internal/script/mapper.go:493.86,496.38 2 1
velox/go-master/internal/script/mapper.go:536.2,536.17 1 1
velox/go-master/internal/script/mapper.go:496.38,497.74 1 2
velox/go-master/internal/script/mapper.go:497.74,503.34 4 2
velox/go-master/internal/script/mapper.go:526.4,532.6 1 2
velox/go-master/internal/script/mapper.go:503.34,514.61 2 2
velox/go-master/internal/script/mapper.go:523.5,523.47 1 2
velox/go-master/internal/script/mapper.go:514.61,517.6 2 1
velox/go-master/internal/script/mapper.go:517.11,517.56 1 1
velox/go-master/internal/script/mapper.go:517.56,519.6 1 1
velox/go-master/internal/script/mapper.go:519.11,521.6 1 0
velox/go-master/internal/script/parser.go:22.61,27.2 1 22
velox/go-master/internal/script/parser.go:30.84,40.24 3 6
velox/go-master/internal/script/parser.go:45.2,77.31 6 6
velox/go-master/internal/script/parser.go:40.24,42.3 1 10
velox/go-master/internal/script/parser.go:81.55,86.23 3 19
velox/go-master/internal/script/parser.go:101.2,102.25 2 15
velox/go-master/internal/script/parser.go:117.2,125.15 2 14
velox/go-master/internal/script/parser.go:86.23,87.36 1 4
velox/go-master/internal/script/parser.go:97.3,97.16 1 4
velox/go-master/internal/script/parser.go:87.36,96.4 2 15
velox/go-master/internal/script/parser.go:102.25,103.35 1 1
velox/go-master/internal/script/parser.go:113.3,113.16 1 1
velox/go-master/internal/script/parser.go:103.35,112.4 2 3
velox/go-master/internal/script/parser.go:135.62,146.35 3 19
velox/go-master/internal/script/parser.go:177.2,177.12 1 15
velox/go-master/internal/script/parser.go:146.35,148.23 2 64
velox/go-master/internal/script/parser.go:148.23,150.34 1 4
velox/go-master/internal/script/parser.go:173.4,173.19 1 4
velox/go-master/internal/script/parser.go:150.34,157.27 5 15
velox/go-master/internal/script/parser.go:163.5,164.26 2 15
velox/go-master/internal/script/parser.go:168.5,171.7 1 15
velox/go-master/internal/script/parser.go:157.27,159.6 1 11
velox/go-master/internal/script/parser.go:159.11,161.6 1 4
velox/go-master/internal/script/parser.go:164.26,165.14 1 0
velox/go-master/internal/script/parser.go:181.58,186.34 3 15
velox/go-master/internal/script/parser.go:194.2,194.31 1 15
velox/go-master/internal/script/parser.go:198.2,198.24 1 15
velox/go-master/internal/script/parser.go:186.34,188.21 2 19
velox/go-master/internal/script/parser.go:188.21,190.4 1 13
velox/go-master/internal/script/parser.go:194.31,196.3 1 0
velox/go-master/internal/script/parser.go:202.79,205.50 2 0
velox/go-master/internal/script/parser.go:222.2,222.15 1 0
velox/go-master/internal/script/parser.go:205.50,208.28 3 0
velox/go-master/internal/script/parser.go:212.3,212.28 1 0
velox/go-master/internal/script/parser.go:219.3,219.42 1 0
velox/go-master/internal/script/parser.go:208.28,210.4 1 0
velox/go-master/internal/script/parser.go:212.28,214.17 2 0
velox/go-master/internal/script/parser.go:214.17,216.5 1 0
velox/go-master/internal/script/parser.go:226.78,230.16 2 18
velox/go-master/internal/script/parser.go:238.2,238.22 1 13
velox/go-master/internal/script/parser.go:243.2,244.67 1 8
velox/go-master/internal/script/parser.go:249.2,249.21 1 5
velox/go-master/internal/script/parser.go:230.16,231.86 1 5
velox/go-master/internal/script/parser.go:234.3,234.20 1 5
velox/go-master/internal/script/parser.go:231.86,233.4 1 0
velox/go-master/internal/script/parser.go:238.22,240.3 1 5
velox/go-master/internal/script/parser.go:244.67,246.3 1 3
velox/go-master/internal/script/parser.go:253.53,256.30 2 19
velox/go-master/internal/script/parser.go:261.2,270.42 4 19
velox/go-master/internal/script/parser.go:256.30,258.3 1 158
velox/go-master/internal/script/parser.go:274.61,279.29 3 19
velox/go-master/internal/script/parser.go:300.2,300.17 1 19
velox/go-master/internal/script/parser.go:279.29,282.65 2 501
velox/go-master/internal/script/parser.go:282.65,285.24 2 53
velox/go-master/internal/script/parser.go:292.4,296.6 1 53
velox/go-master/internal/script/parser.go:285.24,287.70 2 53
velox/go-master/internal/script/parser.go:287.70,289.6 1 4
velox/go-master/internal/script/parser.go:304.55,319.43 4 19
velox/go-master/internal/script/parser.go:328.2,328.17 1 19
velox/go-master/internal/script/parser.go:319.43,320.30 1 133
velox/go-master/internal/script/parser.go:320.30,321.41 1 542
velox/go-master/internal/script/parser.go:321.41,323.10 2 9
velox/go-master/internal/script/parser.go:332.58,348.43 4 19
velox/go-master/internal/script/parser.go:354.2,354.13 1 19
velox/go-master/internal/script/parser.go:348.43,349.43 1 133
velox/go-master/internal/script/parser.go:349.43,351.4 1 4
velox/go-master/internal/script/parser.go:358.58,361.30 3 6
velox/go-master/internal/script/parser.go:364.2,364.13 1 6
velox/go-master/internal/script/parser.go:361.30,363.3 1 82
velox/go-master/internal/script/parser.go:368.53,379.45 3 10
velox/go-master/internal/script/parser.go:387.2,387.18 1 3
velox/go-master/internal/script/parser.go:379.45,380.36 1 27
velox/go-master/internal/script/parser.go:380.36,381.44 1 106
velox/go-master/internal/script/parser.go:381.44,383.5 1 7
velox/go-master/internal/script/parser.go:391.59,396.37 3 6
velox/go-master/internal/script/parser.go:406.2,406.17 1 6
velox/go-master/internal/script/parser.go:396.37,398.49 2 44
velox/go-master/internal/script/parser.go:398.49,400.26 2 4
velox/go-master/internal/script/parser.go:400.26,401.10 1 0
velox/go-master/internal/script/parser.go:410.59,413.30 3 6
velox/go-master/internal/script/parser.go:418.2,418.20 1 6
velox/go-master/internal/script/parser.go:413.30,414.21 1 102
velox/go-master/internal/script/parser.go:414.21,416.4 1 0
velox/go-master/internal/script/parser.go:422.57,424.31 2 7
velox/go-master/internal/script/parser.go:428.2,428.21 1 7
velox/go-master/internal/script/parser.go:433.2,433.24 1 7
velox/go-master/internal/script/parser.go:424.31,426.3 1 13
velox/go-master/internal/script/parser.go:428.21,430.3 1 0
velox/go-master/internal/script/parser.go:433.24,436.3 2 13
velox/go-master/internal/script/parser.go:440.34,442.2 1 25
velox/go-master/internal/script/types.go:39.41,41.31 2 3
velox/go-master/internal/script/types.go:44.2,44.14 1 3
velox/go-master/internal/script/types.go:41.31,43.3 1 0
velox/go-master/internal/artlist/downloader.go:26.94,32.2 1 0
velox/go-master/internal/artlist/downloader.go:35.129,48.16 4 0
velox/go-master/internal/artlist/downloader.go:53.2,55.16 3 0
velox/go-master/internal/artlist/downloader.go:59.2,65.44 3 0
velox/go-master/internal/artlist/downloader.go:95.2,105.20 4 0
velox/go-master/internal/artlist/downloader.go:48.16,50.3 1 0
velox/go-master/internal/artlist/downloader.go:55.16,57.3 1 0
velox/go-master/internal/artlist/downloader.go:65.44,73.17 3 0
velox/go-master/internal/artlist/downloader.go:82.3,82.30 1 0
velox/go-master/internal/artlist/downloader.go:73.17,79.4 2 0
velox/go-master/internal/artlist/downloader.go:82.30,86.22 3 0
velox/go-master/internal/artlist/downloader.go:86.22,88.5 1 0
velox/go-master/internal/artlist/downloader.go:88.10,91.5 2 0
velox/go-master/internal/artlist/downloader.go:143.121,157.16 5 0
velox/go-master/internal/artlist/downloader.go:164.2,165.16 2 0
velox/go-master/internal/artlist/downloader.go:172.2,173.16 2 0
velox/go-master/internal/artlist/downloader.go:180.2,193.15 7 0
velox/go-master/internal/artlist/downloader.go:157.16,161.3 3 0
velox/go-master/internal/artlist/downloader.go:165.16,169.3 3 0
velox/go-master/internal/artlist/downloader.go:173.16,177.3 3 0
velox/go-master/internal/artlist/downloader.go:197.96,200.16 2 0
velox/go-master/internal/artlist/downloader.go:205.2,206.16 2 0
velox/go-master/internal/artlist/downloader.go:210.2,210.22 1 0
velox/go-master/internal/artlist/downloader.go:200.16,202.3 1 0
velox/go-master/internal/artlist/downloader.go:206.16,208.3 1 0
velox/go-master/internal/artlist/downloader.go:214.104,216.16 2 0
velox/go-master/internal/artlist/downloader.go:219.2,219.22 1 0
velox/go-master/internal/artlist/downloader.go:216.16,218.3 1 0
velox/go-master/internal/artlist/downloader.go:223.90,226.29 2 0
velox/go-master/internal/artlist/downloader.go:234.2,234.16 1 0
velox/go-master/internal/artlist/downloader.go:226.29,228.21 2 0
velox/go-master/internal/artlist/downloader.go:231.3,231.54 1 0
velox/go-master/internal/artlist/downloader.go:228.21,230.4 1 0
velox/go-master/internal/artlist/downloader.go:238.68,240.16 2 0
velox/go-master/internal/artlist/downloader.go:243.2,251.16 4 0
velox/go-master/internal/artlist/downloader.go:255.2,255.17 1 0
velox/go-master/internal/artlist/downloader.go:240.16,242.3 1 0
velox/go-master/internal/artlist/downloader.go:251.16,253.3 1 0
velox/go-master/internal/artlist/downloader.go:259.92,261.51 2 0
velox/go-master/internal/artlist/downloader.go:266.2,270.74 3 0
velox/go-master/internal/artlist/downloader.go:274.2,274.22 1 0
velox/go-master/internal/artlist/downloader.go:261.51,263.3 1 0
velox/go-master/internal/artlist/downloader.go:270.74,272.3 1 0
velox/go-master/internal/artlist/downloader.go:278.107,280.16 2 0
velox/go-master/internal/artlist/downloader.go:284.2,284.20 1 0
velox/go-master/internal/artlist/downloader.go:280.16,282.3 1 0
velox/go-master/internal/artlist/watcher.go:31.108,39.35 2 8
velox/go-master/internal/artlist/watcher.go:43.2,43.15 1 8
velox/go-master/internal/artlist/watcher.go:39.35,41.3 1 0
velox/go-master/internal/artlist/watcher.go:47.46,49.16 2 13
velox/go-master/internal/artlist/watcher.go:57.2,58.61 2 12
velox/go-master/internal/artlist/watcher.go:62.2,66.16 3 10
velox/go-master/internal/artlist/watcher.go:73.2,74.51 2 10
velox/go-master/internal/artlist/watcher.go:82.2,83.33 2 10
velox/go-master/internal/artlist/watcher.go:88.2,99.12 7 10
velox/go-master/internal/artlist/watcher.go:49.16,54.3 4 1
velox/go-master/internal/artlist/watcher.go:58.61,61.3 2 2
velox/go-master/internal/artlist/watcher.go:66.16,71.3 4 0
velox/go-master/internal/artlist/watcher.go:74.51,79.3 4 0
velox/go-master/internal/artlist/watcher.go:83.33,85.3 1 32
velox/go-master/internal/artlist/watcher.go:103.76,107.20 3 4
velox/go-master/internal/artlist/watcher.go:111.2,111.21 1 4
velox/go-master/internal/artlist/watcher.go:107.20,109.3 1 0
velox/go-master/internal/artlist/watcher.go:115.83,119.45 3 2
velox/go-master/internal/artlist/watcher.go:123.2,123.29 1 2
velox/go-master/internal/artlist/watcher.go:119.45,121.3 1 0
velox/go-master/internal/artlist/watcher.go:127.65,138.24 4 1
velox/go-master/internal/artlist/watcher.go:142.2,142.20 1 1
velox/go-master/internal/artlist/watcher.go:148.2,148.14 1 1
velox/go-master/internal/artlist/watcher.go:138.24,140.3 1 0
velox/go-master/internal/artlist/watcher.go:142.20,146.3 3 1
velox/go-master/internal/artlist/watcher.go:152.69,153.12 1 1
velox/go-master/internal/artlist/watcher.go:173.2,175.3 1 1
velox/go-master/internal/artlist/watcher.go:153.12,157.7 3 1
velox/go-master/internal/artlist/watcher.go:157.7,158.11 1 3
velox/go-master/internal/artlist/watcher.go:159.20,160.38 1 2
velox/go-master/internal/artlist/watcher.go:165.22,166.11 1 1
velox/go-master/internal/artlist/watcher.go:167.20,168.11 1 0
velox/go-master/internal/artlist/watcher.go:160.38,164.6 1 0
velox/go-master/internal/artlist/watcher.go:179.38,182.2 2 8
velox/go-master/internal/artlist/watcher.go:185.51,191.2 4 2
velox/go-master/internal/artlist/watcher.go:194.59,198.2 3 1
velox/go-master/internal/artlist/watcher.go:201.47,205.2 3 1
velox/go-master/internal/artlist/watcher.go:208.52,212.2 3 1
velox/go-master/internal/clip/indexer.go:91.74,107.2 1 0
velox/go-master/internal/clip/indexer.go:111.51,127.29 2 0
velox/go-master/internal/clip/indexer.go:136.2,141.3 1 0
velox/go-master/internal/clip/indexer.go:127.29,128.23 1 0
velox/go-master/internal/clip/indexer.go:131.3,131.27 1 0
velox/go-master/internal/clip/indexer.go:128.23,130.4 1 0
velox/go-master/internal/clip/indexer.go:131.27,133.4 1 0
velox/go-master/internal/clip/indexer.go:145.61,164.16 5 0
velox/go-master/internal/clip/indexer.go:169.2,174.38 4 0
velox/go-master/internal/clip/indexer.go:184.2,194.12 6 0
velox/go-master/internal/clip/indexer.go:164.16,166.3 1 0
velox/go-master/internal/clip/indexer.go:174.38,175.23 1 0
velox/go-master/internal/clip/indexer.go:178.3,178.27 1 0
velox/go-master/internal/clip/indexer.go:175.23,177.4 1 0
velox/go-master/internal/clip/indexer.go:178.27,180.4 1 0
velox/go-master/internal/clip/indexer.go:198.128,199.22 1 0
velox/go-master/internal/clip/indexer.go:204.2,211.16 3 0
velox/go-master/internal/clip/indexer.go:215.2,215.33 1 0
velox/go-master/internal/clip/indexer.go:253.2,253.12 1 0
velox/go-master/internal/clip/indexer.go:199.22,201.3 1 0
velox/go-master/internal/clip/indexer.go:211.16,213.3 1 0
velox/go-master/internal/clip/indexer.go:215.33,217.23 2 0
velox/go-master/internal/clip/indexer.go:222.3,238.17 5 0
velox/go-master/internal/clip/indexer.go:245.3,246.17 2 0
velox/go-master/internal/clip/indexer.go:217.23,219.4 1 0
velox/go-master/internal/clip/indexer.go:238.17,242.4 1 0
velox/go-master/internal/clip/indexer.go:246.17,250.4 1 0
velox/go-master/internal/clip/indexer.go:257.118,259.16 2 0
velox/go-master/internal/clip/indexer.go:264.2,266.37 2 0
velox/go-master/internal/clip/indexer.go:316.2,316.12 1 0
velox/go-master/internal/clip/indexer.go:259.16,261.3 1 0
velox/go-master/internal/clip/indexer.go:266.37,267.45 1 0
velox/go-master/internal/clip/indexer.go:272.3,278.40 5 0
velox/go-master/internal/clip/indexer.go:284.3,284.26 1 0
velox/go-master/internal/clip/indexer.go:289.3,313.49 3 0
velox/go-master/internal/clip/indexer.go:267.45,268.12 1 0
velox/go-master/internal/clip/indexer.go:278.40,280.4 1 0
velox/go-master/internal/clip/indexer.go:280.9,282.4 1 0
velox/go-master/internal/clip/indexer.go:284.26,286.4 1 0
velox/go-master/internal/clip/indexer.go:320.78,325.34 3 0
velox/go-master/internal/clip/indexer.go:333.2,334.33 2 0
velox/go-master/internal/clip/indexer.go:347.2,347.46 1 0
velox/go-master/internal/clip/indexer.go:351.2,351.13 1 0
velox/go-master/internal/clip/indexer.go:325.34,327.43 2 0
velox/go-master/internal/clip/indexer.go:327.43,329.4 1 0
velox/go-master/internal/clip/indexer.go:334.33,338.35 4 0
velox/go-master/internal/clip/indexer.go:338.35,340.71 2 0
velox/go-master/internal/clip/indexer.go:340.71,342.5 1 0
velox/go-master/internal/clip/indexer.go:347.46,349.3 1 0
velox/go-master/internal/clip/indexer.go:355.61,364.42 3 0
velox/go-master/internal/clip/indexer.go:382.2,382.31 1 0
velox/go-master/internal/clip/indexer.go:390.2,390.18 1 0
velox/go-master/internal/clip/indexer.go:364.42,369.32 3 0
velox/go-master/internal/clip/indexer.go:369.32,375.88 3 0
velox/go-master/internal/clip/indexer.go:375.88,377.5 1 0
velox/go-master/internal/clip/indexer.go:382.31,384.57 1 0
velox/go-master/internal/clip/indexer.go:384.57,386.4 1 0
velox/go-master/internal/clip/indexer.go:394.70,397.9 2 0
velox/go-master/internal/clip/indexer.go:398.80,399.21 1 0
velox/go-master/internal/clip/indexer.go:400.81,401.21 1 0
velox/go-master/internal/clip/indexer.go:402.79,403.20 1 0
velox/go-master/internal/clip/indexer.go:404.42,405.19 1 0
velox/go-master/internal/clip/indexer.go:406.10,407.19 1 0
velox/go-master/internal/clip/indexer.go:414.65,418.24 3 0
velox/go-master/internal/clip/indexer.go:423.2,427.35 3 0
velox/go-master/internal/clip/indexer.go:434.2,435.34 2 0
velox/go-master/internal/clip/indexer.go:443.2,443.34 1 0
velox/go-master/internal/clip/indexer.go:450.2,450.31 1 0
velox/go-master/internal/clip/indexer.go:460.2,460.23 1 0
velox/go-master/internal/clip/indexer.go:418.24,420.3 1 0
velox/go-master/internal/clip/indexer.go:427.35,428.57 1 0
velox/go-master/internal/clip/indexer.go:428.57,430.4 1 0
velox/go-master/internal/clip/indexer.go:435.34,436.57 1 0
velox/go-master/internal/clip/indexer.go:436.57,438.4 1 0
velox/go-master/internal/clip/indexer.go:443.34,444.38 1 0
velox/go-master/internal/clip/indexer.go:444.38,446.4 1 0
velox/go-master/internal/clip/indexer.go:450.31,454.83 3 0
velox/go-master/internal/clip/indexer.go:454.83,456.4 1 0
velox/go-master/internal/clip/indexer.go:464.50,472.2 2 0
velox/go-master/internal/clip/indexer.go:475.43,479.22 3 28
velox/go-master/internal/clip/indexer.go:491.2,493.49 3 28
velox/go-master/internal/clip/indexer.go:497.2,497.19 1 28
velox/go-master/internal/clip/indexer.go:479.22,488.3 1 0
velox/go-master/internal/clip/indexer.go:493.49,495.3 1 0
velox/go-master/internal/clip/indexer.go:501.48,507.2 4 0
velox/go-master/internal/clip/indexer.go:510.45,514.2 3 0
velox/go-master/internal/clip/indexer.go:517.43,521.22 3 0
velox/go-master/internal/clip/indexer.go:528.2,528.24 1 0
velox/go-master/internal/clip/indexer.go:521.22,526.3 1 0
velox/go-master/internal/clip/indexer.go:532.79,536.22 3 0
velox/go-master/internal/clip/indexer.go:540.2,544.39 4 0
velox/go-master/internal/clip/indexer.go:563.2,563.16 1 0
velox/go-master/internal/clip/indexer.go:536.22,538.3 1 0
velox/go-master/internal/clip/indexer.go:544.39,546.41 1 0
velox/go-master/internal/clip/indexer.go:551.3,551.18 1 0
velox/go-master/internal/clip/indexer.go:557.3,558.16 2 0
velox/go-master/internal/clip/indexer.go:546.41,547.12 1 0
velox/go-master/internal/clip/indexer.go:551.18,553.12 2 0
velox/go-master/internal/clip/indexer.go:558.16,560.4 1 0
velox/go-master/internal/clip/indexer.go:580.82,581.74 1 0
velox/go-master/internal/clip/indexer.go:585.2,585.86 1 0
velox/go-master/internal/clip/indexer.go:589.2,589.65 1 0
velox/go-master/internal/clip/indexer.go:593.2,593.68 1 0
velox/go-master/internal/clip/indexer.go:597.2,597.68 1 0
velox/go-master/internal/clip/indexer.go:601.2,601.89 1 0
velox/go-master/internal/clip/indexer.go:605.2,605.27 1 0
velox/go-master/internal/clip/indexer.go:618.2,618.13 1 0
velox/go-master/internal/clip/indexer.go:581.74,583.3 1 0
velox/go-master/internal/clip/indexer.go:585.86,587.3 1 0
velox/go-master/internal/clip/indexer.go:589.65,591.3 1 0
velox/go-master/internal/clip/indexer.go:593.68,595.3 1 0
velox/go-master/internal/clip/indexer.go:597.68,599.3 1 0
velox/go-master/internal/clip/indexer.go:601.89,603.3 1 0
velox/go-master/internal/clip/indexer.go:605.27,607.36 2 0
velox/go-master/internal/clip/indexer.go:613.3,613.14 1 0
velox/go-master/internal/clip/indexer.go:607.36,608.52 1 0
velox/go-master/internal/clip/indexer.go:608.52,610.10 2 0
velox/go-master/internal/clip/indexer.go:613.14,615.4 1 0
velox/go-master/internal/clip/indexer.go:622.122,630.33 5 0
velox/go-master/internal/clip/indexer.go:635.2,635.49 1 0
velox/go-master/internal/clip/indexer.go:640.2,640.32 1 0
velox/go-master/internal/clip/indexer.go:647.2,647.49 1 0
velox/go-master/internal/clip/indexer.go:652.2,652.49 1 0
velox/go-master/internal/clip/indexer.go:657.2,657.34 1 0
velox/go-master/internal/clip/indexer.go:669.2,669.14 1 0
velox/go-master/internal/clip/indexer.go:630.33,632.3 1 0
velox/go-master/internal/clip/indexer.go:635.49,637.3 1 0
velox/go-master/internal/clip/indexer.go:640.32,641.40 1 0
velox/go-master/internal/clip/indexer.go:641.40,643.4 1 0
velox/go-master/internal/clip/indexer.go:647.49,649.3 1 0
velox/go-master/internal/clip/indexer.go:652.49,654.3 1 0
velox/go-master/internal/clip/indexer.go:657.34,658.44 1 0
velox/go-master/internal/clip/indexer.go:661.3,661.35 1 0
velox/go-master/internal/clip/indexer.go:664.3,664.44 1 0
velox/go-master/internal/clip/indexer.go:658.44,660.4 1 0
velox/go-master/internal/clip/indexer.go:661.35,663.4 1 0
velox/go-master/internal/clip/indexer.go:664.44,666.4 1 0
velox/go-master/internal/clip/indexer.go:673.58,677.22 3 0
velox/go-master/internal/clip/indexer.go:681.2,681.42 1 0
velox/go-master/internal/clip/indexer.go:677.22,679.3 1 0
velox/go-master/internal/clip/indexer.go:685.50,686.25 1 0
velox/go-master/internal/clip/indexer.go:691.2,691.14 1 0
velox/go-master/internal/clip/indexer.go:686.25,687.32 1 0
velox/go-master/internal/clip/indexer.go:687.32,689.4 1 0
velox/go-master/internal/clip/indexer.go:695.50,705.36 2 0
velox/go-master/internal/clip/indexer.go:711.2,713.38 3 0
velox/go-master/internal/clip/indexer.go:719.2,719.14 1 0
velox/go-master/internal/clip/indexer.go:705.36,706.37 1 0
velox/go-master/internal/clip/indexer.go:706.37,708.4 1 0
velox/go-master/internal/clip/indexer.go:713.38,714.44 1 0
velox/go-master/internal/clip/indexer.go:714.44,716.4 1 0
velox/go-master/internal/clip/indexer.go:723.44,729.2 5 0
velox/go-master/internal/clip/indexer.go:732.49,734.2 1 45
velox/go-master/internal/clip/indexer.go:737.58,739.2 1 0
velox/go-master/internal/clip/indexer.go:742.76,748.42 5 0
velox/go-master/internal/clip/indexer.go:754.2,755.35 2 0
velox/go-master/internal/clip/indexer.go:760.2,761.34 2 0
velox/go-master/internal/clip/indexer.go:765.2,776.16 5 0
velox/go-master/internal/clip/indexer.go:780.2,780.37 1 0
velox/go-master/internal/clip/indexer.go:824.2,838.38 8 0
velox/go-master/internal/clip/indexer.go:748.42,751.3 1 0
velox/go-master/internal/clip/indexer.go:755.35,757.3 1 0
velox/go-master/internal/clip/indexer.go:761.34,763.3 1 0
velox/go-master/internal/clip/indexer.go:776.16,778.3 1 0
velox/go-master/internal/clip/indexer.go:780.37,784.17 2 0
velox/go-master/internal/clip/indexer.go:788.3,788.38 1 0
velox/go-master/internal/clip/indexer.go:793.3,799.36 5 0
velox/go-master/internal/clip/indexer.go:804.3,809.17 4 0
velox/go-master/internal/clip/indexer.go:813.3,820.39 4 0
velox/go-master/internal/clip/indexer.go:784.17,785.12 1 0
velox/go-master/internal/clip/indexer.go:788.38,789.12 1 0
velox/go-master/internal/clip/indexer.go:799.36,800.31 1 0
velox/go-master/internal/clip/indexer.go:800.31,802.5 1 0
velox/go-master/internal/clip/indexer.go:809.17,810.12 1 0
velox/go-master/internal/clip/indexer.go:842.100,852.16 3 0
velox/go-master/internal/clip/indexer.go:857.2,857.23 1 0
velox/go-master/internal/clip/indexer.go:862.2,863.16 2 0
velox/go-master/internal/clip/indexer.go:868.2,869.34 2 0
velox/go-master/internal/clip/indexer.go:875.2,875.24 1 0
velox/go-master/internal/clip/indexer.go:852.16,854.3 1 0
velox/go-master/internal/clip/indexer.go:857.23,859.3 1 0
velox/go-master/internal/clip/indexer.go:863.16,865.3 1 0
velox/go-master/internal/clip/indexer.go:869.34,870.39 1 0
velox/go-master/internal/clip/indexer.go:870.39,872.4 1 0
velox/go-master/internal/clip/indexer.go:879.52,885.35 2 0
velox/go-master/internal/clip/indexer.go:894.2,895.47 2 0
velox/go-master/internal/clip/indexer.go:885.35,886.23 1 0
velox/go-master/internal/clip/indexer.go:889.3,889.27 1 0
velox/go-master/internal/clip/indexer.go:886.23,888.4 1 0
velox/go-master/internal/clip/indexer.go:889.27,891.4 1 0
velox/go-master/internal/clip/semantic_suggester.go:24.64,28.2 1 18
velox/go-master/internal/clip/semantic_suggester.go:32.157,41.19 4 24
velox/go-master/internal/clip/semantic_suggester.go:45.2,45.64 1 24
velox/go-master/internal/clip/semantic_suggester.go:52.2,53.18 2 21
velox/go-master/internal/clip/semantic_suggester.go:58.2,69.35 5 21
velox/go-master/internal/clip/semantic_suggester.go:88.2,88.33 1 21
velox/go-master/internal/clip/semantic_suggester.go:108.2,108.46 1 21
velox/go-master/internal/clip/semantic_suggester.go:113.2,113.29 1 21
velox/go-master/internal/clip/semantic_suggester.go:125.2,125.46 1 21
velox/go-master/internal/clip/semantic_suggester.go:130.2,130.53 1 21
velox/go-master/internal/clip/semantic_suggester.go:135.2,135.27 1 21
velox/go-master/internal/clip/semantic_suggester.go:140.2,141.32 2 21
velox/go-master/internal/clip/semantic_suggester.go:144.2,154.20 4 21
velox/go-master/internal/clip/semantic_suggester.go:41.19,43.3 1 23
velox/go-master/internal/clip/semantic_suggester.go:45.64,46.53 1 3
velox/go-master/internal/clip/semantic_suggester.go:46.53,48.4 1 3
velox/go-master/internal/clip/semantic_suggester.go:53.18,55.3 1 0
velox/go-master/internal/clip/semantic_suggester.go:69.35,71.71 1 48
velox/go-master/internal/clip/semantic_suggester.go:74.3,76.24 2 48
velox/go-master/internal/clip/semantic_suggester.go:71.71,72.12 1 0
velox/go-master/internal/clip/semantic_suggester.go:76.24,84.4 1 14
velox/go-master/internal/clip/semantic_suggester.go:88.33,90.17 2 1
velox/go-master/internal/clip/semantic_suggester.go:90.17,91.38 1 1
velox/go-master/internal/clip/semantic_suggester.go:91.38,94.26 2 3
velox/go-master/internal/clip/semantic_suggester.go:94.26,102.6 1 3
velox/go-master/internal/clip/semantic_suggester.go:108.46,110.3 1 4
velox/go-master/internal/clip/semantic_suggester.go:113.29,115.18 2 17
velox/go-master/internal/clip/semantic_suggester.go:115.18,117.32 2 9
velox/go-master/internal/clip/semantic_suggester.go:120.4,120.79 1 9
velox/go-master/internal/clip/semantic_suggester.go:117.32,119.5 1 4
velox/go-master/internal/clip/semantic_suggester.go:125.46,127.3 1 3
velox/go-master/internal/clip/semantic_suggester.go:130.53,132.3 1 0
velox/go-master/internal/clip/semantic_suggester.go:135.27,137.3 1 7
velox/go-master/internal/clip/semantic_suggester.go:141.32,143.3 1 18
velox/go-master/internal/clip/semantic_suggester.go:158.164,179.37 7 1
velox/go-master/internal/clip/semantic_suggester.go:193.2,193.12 1 1
velox/go-master/internal/clip/semantic_suggester.go:199.2,200.32 2 1
velox/go-master/internal/clip/semantic_suggester.go:205.2,206.37 2 1
velox/go-master/internal/clip/semantic_suggester.go:219.2,224.26 2 1
velox/go-master/internal/clip/semantic_suggester.go:179.37,180.25 1 3
velox/go-master/internal/clip/semantic_suggester.go:184.3,185.33 2 3
velox/go-master/internal/clip/semantic_suggester.go:180.25,181.12 1 0
velox/go-master/internal/clip/semantic_suggester.go:185.33,189.4 3 3
velox/go-master/internal/clip/semantic_suggester.go:193.12,196.3 2 1
velox/go-master/internal/clip/semantic_suggester.go:200.32,202.3 1 3
velox/go-master/internal/clip/semantic_suggester.go:206.37,207.25 1 3
velox/go-master/internal/clip/semantic_suggester.go:210.3,210.69 1 3
velox/go-master/internal/clip/semantic_suggester.go:207.25,208.12 1 0
velox/go-master/internal/clip/semantic_suggester.go:210.69,216.4 1 3
velox/go-master/internal/clip/semantic_suggester.go:228.152,240.34 8 51
velox/go-master/internal/clip/semantic_suggester.go:277.2,277.30 1 51
velox/go-master/internal/clip/semantic_suggester.go:321.2,322.35 2 51
velox/go-master/internal/clip/semantic_suggester.go:343.2,343.78 1 51
velox/go-master/internal/clip/semantic_suggester.go:351.2,352.73 2 51
velox/go-master/internal/clip/semantic_suggester.go:358.2,358.22 1 51
velox/go-master/internal/clip/semantic_suggester.go:362.2,362.21 1 51
velox/go-master/internal/clip/semantic_suggester.go:366.2,370.3 1 51
velox/go-master/internal/clip/semantic_suggester.go:240.34,244.33 2 15
velox/go-master/internal/clip/semantic_suggester.go:255.3,255.51 1 15
velox/go-master/internal/clip/semantic_suggester.go:265.3,265.51 1 15
velox/go-master/internal/clip/semantic_suggester.go:244.33,245.80 1 48
velox/go-master/internal/clip/semantic_suggester.go:245.80,251.5 4 4
velox/go-master/internal/clip/semantic_suggester.go:255.51,257.23 2 2
velox/go-master/internal/clip/semantic_suggester.go:260.4,261.90 2 2
velox/go-master/internal/clip/semantic_suggester.go:257.23,259.5 1 0
velox/go-master/internal/clip/semantic_suggester.go:265.51,267.23 2 0
velox/go-master/internal/clip/semantic_suggester.go:270.4,271.92 2 0
velox/go-master/internal/clip/semantic_suggester.go:267.23,269.5 1 0
velox/go-master/internal/clip/semantic_suggester.go:277.30,281.33 2 176
velox/go-master/internal/clip/semantic_suggester.go:295.3,295.47 1 176
velox/go-master/internal/clip/semantic_suggester.go:307.3,307.47 1 176
velox/go-master/internal/clip/semantic_suggester.go:281.33,282.72 1 659
velox/go-master/internal/clip/semantic_suggester.go:282.72,284.24 2 36
velox/go-master/internal/clip/semantic_suggester.go:287.5,287.45 1 36
velox/go-master/internal/clip/semantic_suggester.go:290.5,290.90 1 36
velox/go-master/internal/clip/semantic_suggester.go:284.24,286.6 1 9
velox/go-master/internal/clip/semantic_suggester.go:287.45,289.6 1 33
velox/go-master/internal/clip/semantic_suggester.go:295.47,297.23 2 25
velox/go-master/internal/clip/semantic_suggester.go:300.4,300.44 1 25
velox/go-master/internal/clip/semantic_suggester.go:303.4,303.86 1 25
velox/go-master/internal/clip/semantic_suggester.go:297.23,299.5 1 1
velox/go-master/internal/clip/semantic_suggester.go:300.44,302.5 1 1
velox/go-master/internal/clip/semantic_suggester.go:307.47,309.23 2 6
velox/go-master/internal/clip/semantic_suggester.go:312.4,312.44 1 6
velox/go-master/internal/clip/semantic_suggester.go:315.4,315.88 1 6
velox/go-master/internal/clip/semantic_suggester.go:309.23,311.5 1 0
velox/go-master/internal/clip/semantic_suggester.go:312.44,314.5 1 0
velox/go-master/internal/clip/semantic_suggester.go:322.35,326.49 2 14
velox/go-master/internal/clip/semantic_suggester.go:333.3,333.33 1 14
velox/go-master/internal/clip/semantic_suggester.go:326.49,330.4 3 4
velox/go-master/internal/clip/semantic_suggester.go:333.33,334.40 1 40
velox/go-master/internal/clip/semantic_suggester.go:334.40,337.5 2 6
velox/go-master/internal/clip/semantic_suggester.go:343.78,347.3 3 2
velox/go-master/internal/clip/semantic_suggester.go:352.73,355.3 2 4
velox/go-master/internal/clip/semantic_suggester.go:358.22,360.3 1 9
velox/go-master/internal/clip/semantic_suggester.go:362.21,364.3 1 38
velox/go-master/internal/clip/semantic_suggester.go:374.67,382.29 3 21
velox/go-master/internal/clip/semantic_suggester.go:411.2,411.17 1 21
velox/go-master/internal/clip/semantic_suggester.go:382.29,386.65 2 126
velox/go-master/internal/clip/semantic_suggester.go:386.65,388.24 1 18
velox/go-master/internal/clip/semantic_suggester.go:402.4,402.24 1 16
velox/go-master/internal/clip/semantic_suggester.go:388.24,390.70 2 17
velox/go-master/internal/clip/semantic_suggester.go:390.70,397.14 4 2
velox/go-master/internal/clip/semantic_suggester.go:402.24,407.5 1 10
velox/go-master/internal/clip/semantic_suggester.go:415.74,442.35 4 51
velox/go-master/internal/clip/semantic_suggester.go:448.2,448.14 1 51
velox/go-master/internal/clip/semantic_suggester.go:442.35,443.44 1 3621
velox/go-master/internal/clip/semantic_suggester.go:443.44,445.4 1 14
velox/go-master/internal/clip/semantic_suggester.go:452.77,455.9 2 51
velox/go-master/internal/clip/semantic_suggester.go:456.101,457.22 1 1
velox/go-master/internal/clip/semantic_suggester.go:458.94,459.18 1 4
velox/go-master/internal/clip/semantic_suggester.go:460.96,461.16 1 37
velox/go-master/internal/clip/semantic_suggester.go:462.97,463.20 1 1
velox/go-master/internal/clip/semantic_suggester.go:464.92,465.17 1 0
velox/go-master/internal/clip/semantic_suggester.go:466.10,467.12 1 8
velox/go-master/internal/clip/semantic_suggester.go:474.127,476.43 2 7
velox/go-master/internal/clip/semantic_suggester.go:481.2,484.39 3 7
velox/go-master/internal/clip/semantic_suggester.go:506.2,506.29 1 7
velox/go-master/internal/clip/semantic_suggester.go:511.2,512.37 2 1
velox/go-master/internal/clip/semantic_suggester.go:522.2,526.16 2 1
velox/go-master/internal/clip/semantic_suggester.go:476.43,478.3 1 0
velox/go-master/internal/clip/semantic_suggester.go:484.39,485.36 1 21
velox/go-master/internal/clip/semantic_suggester.go:501.3,501.39 1 21
velox/go-master/internal/clip/semantic_suggester.go:485.36,487.72 1 81
velox/go-master/internal/clip/semantic_suggester.go:490.4,490.44 1 81
velox/go-master/internal/clip/semantic_suggester.go:487.72,488.13 1 0
velox/go-master/internal/clip/semantic_suggester.go:490.44,492.52 1 1
velox/go-master/internal/clip/semantic_suggester.go:495.5,496.41 2 1
velox/go-master/internal/clip/semantic_suggester.go:492.52,493.14 1 0
velox/go-master/internal/clip/semantic_suggester.go:496.41,497.11 1 0
velox/go-master/internal/clip/semantic_suggester.go:501.39,502.9 1 0
velox/go-master/internal/clip/semantic_suggester.go:506.29,508.3 1 6
velox/go-master/internal/clip/semantic_suggester.go:512.37,520.3 1 1
velox/go-master/internal/clip/semantic_suggester.go:530.70,537.28 3 1
velox/go-master/internal/clip/semantic_suggester.go:551.2,552.24 2 1
velox/go-master/internal/clip/semantic_suggester.go:556.2,556.18 1 1
velox/go-master/internal/clip/semantic_suggester.go:537.28,541.48 2 182
velox/go-master/internal/clip/semantic_suggester.go:541.48,543.25 2 3
velox/go-master/internal/clip/semantic_suggester.go:546.4,546.19 1 3
velox/go-master/internal/clip/semantic_suggester.go:543.25,545.5 1 3
velox/go-master/internal/clip/semantic_suggester.go:552.24,554.3 1 0
velox/go-master/internal/clip/semantic_suggester.go:589.55,590.26 1 67
velox/go-master/internal/clip/semantic_suggester.go:595.2,595.14 1 34
velox/go-master/internal/clip/semantic_suggester.go:590.26,591.33 1 161
velox/go-master/internal/clip/semantic_suggester.go:591.33,593.4 1 33
velox/go-master/internal/clip/semantic_suggester.go:599.48,605.22 4 24
velox/go-master/internal/clip/semantic_suggester.go:616.2,616.43 1 24
velox/go-master/internal/clip/semantic_suggester.go:605.22,606.54 1 994
velox/go-master/internal/clip/semantic_suggester.go:606.54,607.18 1 116
velox/go-master/internal/clip/semantic_suggester.go:607.18,610.5 2 116
velox/go-master/internal/clip/semantic_suggester.go:611.9,614.4 2 878
velox/go-master/internal/clip/semantic_suggester.go:620.100,624.2 3 24
velox/go-master/internal/clip/similar.go:27.92,31.22 3 0
velox/go-master/internal/clip/similar.go:36.2,37.33 2 0
velox/go-master/internal/clip/similar.go:44.2,44.23 1 0
velox/go-master/internal/clip/similar.go:48.2,49.21 2 0
velox/go-master/internal/clip/similar.go:53.2,54.19 2 0
velox/go-master/internal/clip/similar.go:58.2,60.33 2 0
velox/go-master/internal/clip/similar.go:86.2,86.42 1 0
velox/go-master/internal/clip/similar.go:91.2,91.31 1 0
velox/go-master/internal/clip/similar.go:95.2,95.21 1 0
velox/go-master/internal/clip/similar.go:31.22,33.3 1 0
velox/go-master/internal/clip/similar.go:37.33,38.42 1 0
velox/go-master/internal/clip/similar.go:38.42,40.9 2 0
velox/go-master/internal/clip/similar.go:44.23,46.3 1 0
velox/go-master/internal/clip/similar.go:49.21,51.3 1 0
velox/go-master/internal/clip/similar.go:54.19,56.3 1 0
velox/go-master/internal/clip/similar.go:60.33,64.33 2 0
velox/go-master/internal/clip/similar.go:69.3,69.51 1 0
velox/go-master/internal/clip/similar.go:73.3,75.24 2 0
velox/go-master/internal/clip/similar.go:64.33,65.12 1 0
velox/go-master/internal/clip/similar.go:69.51,70.12 1 0
velox/go-master/internal/clip/similar.go:75.24,82.4 1 0
velox/go-master/internal/clip/similar.go:86.42,88.3 1 0
velox/go-master/internal/clip/similar.go:91.31,93.3 1 0
velox/go-master/internal/clip/similar.go:99.90,106.25 5 0
velox/go-master/internal/clip/similar.go:114.2,114.85 1 0
velox/go-master/internal/clip/similar.go:121.2,121.40 1 0
velox/go-master/internal/clip/similar.go:147.2,148.26 2 0
velox/go-master/internal/clip/similar.go:156.2,157.26 2 0
velox/go-master/internal/clip/similar.go:161.2,161.54 1 0
velox/go-master/internal/clip/similar.go:106.25,111.3 4 0
velox/go-master/internal/clip/similar.go:114.85,118.3 3 0
velox/go-master/internal/clip/similar.go:121.40,125.3 3 0
velox/go-master/internal/clip/similar.go:125.8,125.63 1 0
velox/go-master/internal/clip/similar.go:125.63,131.65 4 0
velox/go-master/internal/clip/similar.go:139.3,139.23 1 0
velox/go-master/internal/clip/similar.go:131.65,132.57 1 0
velox/go-master/internal/clip/similar.go:132.57,134.5 1 0
velox/go-master/internal/clip/similar.go:134.10,135.10 1 0
[...]
velox/go-master/internal/api/handlers/timestamp.go:57.28,63.3 2 0
velox/go-master/internal/api/handlers/timestamp.go:66.46,69.3 2 0
velox/go-master/internal/api/handlers/timestamp.go:91.16,97.3 2 0
velox/go-master/internal/api/handlers/timestamp.go:101.39,103.3 1 0
velox/go-master/internal/api/handlers/timestamp.go:115.71,117.2 2 0
velox/go-master/internal/api/handlers/timestamp.go:117.2,119.3 1 0
velox/go-master/internal/api/handlers/youtube_channel.go:29.59,31.47 2 0
velox/go-master/internal/api/handlers/youtube_channel.go:36.2,36.74 1 0
velox/go-master/internal/api/handlers/youtube_channel.go:44.2,45.16 2 0
velox/go-master/internal/api/handlers/youtube_channel.go:49.2,52.16 3 0
velox/go-master/internal/api/handlers/youtube_channel.go:58.2,64.4 1 0
velox/go-master/internal/api/handlers/youtube_channel.go:31.47,34.3 2 0
velox/go-master/internal/api/handlers/youtube_channel.go:36.74,42.3 2 0
velox/go-master/internal/api/handlers/youtube_channel.go:45.16,47.3 1 0
velox/go-master/internal/api/handlers/youtube_channel.go:52.16,56.3 3 0
velox/go-master/internal/api/handlers/youtube_channel.go:81.55,83.47 2 0
velox/go-master/internal/api/handlers/youtube_channel.go:88.2,88.45 1 0
velox/go-master/internal/api/handlers/youtube_channel.go:96.2,97.20 2 0
velox/go-master/internal/api/handlers/youtube_channel.go:101.2,102.16 2 0
velox/go-master/internal/api/handlers/youtube_channel.go:108.2,111.4 1 0
velox/go-master/internal/api/handlers/youtube_channel.go:83.47,86.3 2 0
velox/go-master/internal/api/handlers/youtube_channel.go:88.45,94.3 2 0
velox/go-master/internal/api/handlers/youtube_channel.go:97.20,99.3 1 0
velox/go-master/internal/api/handlers/youtube_channel.go:102.16,106.3 3 0
velox/go-master/internal/api/handlers/youtube_channel.go:129.55,131.47 2 0
velox/go-master/internal/api/handlers/youtube_channel.go:136.2,136.45 1 0
velox/go-master/internal/api/handlers/youtube_channel.go:144.2,145.19 2 0
velox/go-master/internal/api/handlers/youtube_channel.go:156.2,157.19 2 0
velox/go-master/internal/api/handlers/youtube_channel.go:161.2,169.38 3 0
velox/go-master/internal/api/handlers/youtube_channel.go:173.2,178.4 1 0
velox/go-master/internal/api/handlers/youtube_channel.go:131.47,134.3 2 0
velox/go-master/internal/api/handlers/youtube_channel.go:136.45,142.3 2 0
velox/go-master/internal/api/handlers/youtube_channel.go:145.19,147.20 2 0
velox/go-master/internal/api/handlers/youtube_channel.go:147.20,153.4 2 0
velox/go-master/internal/api/handlers/youtube_channel.go:157.19,159.3 1 0
velox/go-master/internal/api/handlers/youtube_channel.go:169.38,171.3 1 0
velox/go-master/internal/api/handlers/youtube_discovery.go:13.54,15.2 1 0
velox/go-master/internal/api/handlers/youtube_discovery.go:18.62,20.2 1 0
velox/go-master/internal/api/handlers/youtube_discovery.go:23.59,25.2 1 0
velox/go-master/internal/api/handlers/async_pipeline.go:21.97,25.2 1 0
velox/go-master/internal/api/handlers/async_pipeline.go:28.68,30.2 2 0
velox/go-master/internal/api/handlers/async_pipeline.go:30.2,35.3 4 0
velox/go-master/internal/api/handlers/async_pipeline.go:65.62,67.47 2 0
velox/go-master/internal/api/handlers/async_pipeline.go:73.2,73.26 1 0
velox/go-master/internal/api/handlers/async_pipeline.go:77.2,77.21 1 0
velox/go-master/internal/api/handlers/async_pipeline.go:83.2,83.23 1 0
velox/go-master/internal/api/handlers/async_pipeline.go:93.2,93.36 1 0
velox/go-master/internal/api/handlers/async_pipeline.go:98.2,109.16 3 0
velox/go-master/internal/api/handlers/async_pipeline.go:115.2,120.4 1 0
velox/go-master/internal/api/handlers/async_pipeline.go:67.47,70.3 2 0
velox/go-master/internal/api/handlers/async_pipeline.go:73.26,76.3 2 0
velox/go-master/internal/api/handlers/async_pipeline.go:77.21,80.3 2 0
velox/go-master/internal/api/handlers/async_pipeline.go:83.23,85.3 1 0
velox/go-master/internal/api/handlers/async_pipeline.go:85.8,85.30 1 0
velox/go-master/internal/api/handlers/async_pipeline.go:85.30,88.3 2 0
velox/go-master/internal/api/handlers/async_pipeline.go:88.8,88.32 1 0
velox/go-master/internal/api/handlers/async_pipeline.go:88.32,91.3 2 0
velox/go-master/internal/api/handlers/async_pipeline.go:93.36,95.3 1 0
velox/go-master/internal/api/handlers/async_pipeline.go:109.16,113.3 3 0
velox/go-master/internal/api/handlers/async_pipeline.go:131.61,133.17 2 0
velox/go-master/internal/api/handlers/async_pipeline.go:138.2,139.16 2 0
velox/go-master/internal/api/handlers/async_pipeline.go:144.2,147.4 1 0
velox/go-master/internal/api/handlers/async_pipeline.go:133.17,136.3 2 0
velox/go-master/internal/api/handlers/async_pipeline.go:139.16,142.3 2 0
velox/go-master/internal/api/handlers/async_pipeline.go:166.57,170.30 4 0
velox/go-master/internal/api/handlers/async_pipeline.go:173.2,173.17 1 0
velox/go-master/internal/api/handlers/async_pipeline.go:177.2,178.16 2 0
velox/go-master/internal/api/handlers/async_pipeline.go:183.2,187.4 1 0
velox/go-master/internal/api/handlers/async_pipeline.go:170.30,172.3 1 0
velox/go-master/internal/api/handlers/async_pipeline.go:173.17,175.3 1 0
velox/go-master/internal/api/handlers/async_pipeline.go:178.16,181.3 2 0
velox/go-master/internal/api/handlers/async_pipeline.go:198.58,200.17 2 0
velox/go-master/internal/api/handlers/async_pipeline.go:205.2,206.16 2 0
velox/go-master/internal/api/handlers/async_pipeline.go:211.2,215.4 1 0
velox/go-master/internal/api/handlers/async_pipeline.go:200.17,203.3 2 0
velox/go-master/internal/api/handlers/async_pipeline.go:206.16,209.3 2 0
velox/go-master/internal/api/handlers/clip_helpers.go:12.50,14.2 1 0
velox/go-master/internal/api/handlers/clip_helpers.go:18.44,20.2 1 0
velox/go-master/internal/api/handlers/clip_helpers.go:23.45,26.31 2 0
velox/go-master/internal/api/handlers/clip_helpers.go:30.2,32.21 2 0
velox/go-master/internal/api/handlers/clip_helpers.go:35.2,35.13 1 0
velox/go-master/internal/api/handlers/clip_helpers.go:26.31,28.3 1 0
velox/go-master/internal/api/handlers/clip_helpers.go:32.21,34.3 1 0
velox/go-master/internal/api/handlers/clip_helpers.go:39.44,43.2 1 0
velox/go-master/internal/api/handlers/clip_manage.go:15.55,17.47 2 0
velox/go-master/internal/api/handlers/clip_manage.go:22.2,23.16 2 0
velox/go-master/internal/api/handlers/clip_manage.go:32.2,33.20 2 0
velox/go-master/internal/api/handlers/clip_manage.go:38.2,38.21 1 0
velox/go-master/internal/api/handlers/clip_manage.go:46.2,50.16 3 0
velox/go-master/internal/api/handlers/clip_manage.go:60.2,73.4 3 0
velox/go-master/internal/api/handlers/clip_manage.go:17.47,20.3 2 0
velox/go-master/internal/api/handlers/clip_manage.go:23.16,29.3 2 0
velox/go-master/internal/api/handlers/clip_manage.go:33.20,35.3 1 0
velox/go-master/internal/api/handlers/clip_manage.go:38.21,40.17 2 0
velox/go-master/internal/api/handlers/clip_manage.go:40.17,42.4 1 0
velox/go-master/internal/api/handlers/clip_manage.go:50.16,57.3 3 0
velox/go-master/internal/api/handlers/clip_manage.go:77.50,79.47 2 0
velox/go-master/internal/api/handlers/clip_manage.go:84.2,85.16 2 0
velox/go-master/internal/api/handlers/clip_manage.go:94.2,95.20 2 0
velox/go-master/internal/api/handlers/clip_manage.go:98.2,99.19 2 0
velox/go-master/internal/api/handlers/clip_manage.go:102.2,103.21 2 0
velox/go-master/internal/api/handlers/clip_manage.go:107.2,114.16 3 0
velox/go-master/internal/api/handlers/clip_manage.go:124.2,125.34 2 0
velox/go-master/internal/api/handlers/clip_manage.go:158.2,167.4 2 0
velox/go-master/internal/api/handlers/clip_manage.go:79.47,82.3 2 0
velox/go-master/internal/api/handlers/clip_manage.go:85.16,91.3 2 0
velox/go-master/internal/api/handlers/clip_manage.go:95.20,97.3 1 0
velox/go-master/internal/api/handlers/clip_manage.go:99.19,101.3 1 0
velox/go-master/internal/api/handlers/clip_manage.go:103.21,105.3 1 0
velox/go-master/internal/api/handlers/clip_manage.go:114.16,121.3 3 0
velox/go-master/internal/api/handlers/clip_manage.go:125.34,136.17 3 0
velox/go-master/internal/api/handlers/clip_manage.go:147.3,147.37 1 0
velox/go-master/internal/api/handlers/clip_manage.go:155.3,155.36 1 0
velox/go-master/internal/api/handlers/clip_manage.go:136.17,138.39 2 0
velox/go-master/internal/api/handlers/clip_manage.go:143.4,143.32 1 0
velox/go-master/internal/api/handlers/clip_manage.go:138.39,139.46 1 0
velox/go-master/internal/api/handlers/clip_manage.go:139.46,141.6 1 0
velox/go-master/internal/api/handlers/clip_manage.go:147.37,153.4 1 0
velox/go-master/internal/api/handlers/clip_manage.go:171.46,178.26 2 0
velox/go-master/internal/api/handlers/clip_manage.go:185.2,187.31 2 0
velox/go-master/internal/api/handlers/clip_manage.go:178.26,181.3 2 0
velox/go-master/internal/api/handlers/clip_manage.go:181.8,183.3 1 0
velox/go-master/internal/api/handlers/clip_manage.go:191.49,197.2 1 0
velox/go-master/internal/api/handlers/clip_upload.go:19.52,21.47 2 0
velox/go-master/internal/api/handlers/clip_upload.go:26.2,27.16 2 0
velox/go-master/internal/api/handlers/clip_upload.go:35.2,39.27 3 0
velox/go-master/internal/api/handlers/clip_upload.go:47.2,47.21 1 0
velox/go-master/internal/api/handlers/clip_upload.go:55.2,56.16 2 0
velox/go-master/internal/api/handlers/clip_upload.go:63.2,74.46 4 0
velox/go-master/internal/api/handlers/clip_upload.go:78.2,83.16 4 0
velox/go-master/internal/api/handlers/clip_upload.go:95.2,97.26 3 0
velox/go-master/internal/api/handlers/clip_upload.go:104.2,104.21 1 0
velox/go-master/internal/api/handlers/clip_upload.go:113.2,114.20 2 0
velox/go-master/internal/api/handlers/clip_upload.go:120.2,121.16 2 0
velox/go-master/internal/api/handlers/clip_upload.go:131.2,146.4 3 0
velox/go-master/internal/api/handlers/clip_upload.go:21.47,24.3 2 0
velox/go-master/internal/api/handlers/clip_upload.go:27.16,33.3 2 0
velox/go-master/internal/api/handlers/clip_upload.go:39.27,41.34 2 0
velox/go-master/internal/api/handlers/clip_upload.go:41.34,43.4 1 0
velox/go-master/internal/api/handlers/clip_upload.go:47.21,49.17 2 0
velox/go-master/internal/api/handlers/clip_upload.go:49.17,51.4 1 0
velox/go-master/internal/api/handlers/clip_upload.go:56.16,62.3 2 0
velox/go-master/internal/api/handlers/clip_upload.go:74.46,76.3 1 0
velox/go-master/internal/api/handlers/clip_upload.go:83.16,92.3 3 0
velox/go-master/internal/api/handlers/clip_upload.go:97.26,98.25 1 0
velox/go-master/internal/api/handlers/clip_upload.go:98.25,100.9 2 0
velox/go-master/internal/api/handlers/clip_upload.go:104.21,110.3 2 0
velox/go-master/internal/api/handlers/clip_upload.go:114.20,116.3 1 0
velox/go-master/internal/api/handlers/clip_upload.go:116.8,118.3 1 0
velox/go-master/internal/api/handlers/clip_upload.go:121.16,128.3 3 0
velox/go-master/internal/api/handlers/clip_upload.go:150.50,152.47 2 0
velox/go-master/internal/api/handlers/clip_upload.go:158.2,158.57 1 0
velox/go-master/internal/api/handlers/clip_upload.go:166.2,167.16 2 0
velox/go-master/internal/api/handlers/clip_upload.go:175.2,179.27 3 0
velox/go-master/internal/api/handlers/clip_upload.go:187.2,187.21 1 0
velox/go-master/internal/api/handlers/clip_upload.go:195.2,196.20 2 0
velox/go-master/internal/api/handlers/clip_upload.go:203.2,204.16 2 0
velox/go-master/internal/api/handlers/clip_upload.go:214.2,229.4 3 0
velox/go-master/internal/api/handlers/clip_upload.go:152.47,155.3 2 0
velox/go-master/internal/api/handlers/clip_upload.go:158.57,164.3 2 0
velox/go-master/internal/api/handlers/clip_upload.go:167.16,173.3 2 0
velox/go-master/internal/api/handlers/clip_upload.go:179.27,181.34 2 0
velox/go-master/internal/api/handlers/clip_upload.go:181.34,183.4 1 0
velox/go-master/internal/api/handlers/clip_upload.go:187.21,189.17 2 0
velox/go-master/internal/api/handlers/clip_upload.go:189.17,191.4 1 0
velox/go-master/internal/api/handlers/clip_upload.go:196.20,198.3 1 0
velox/go-master/internal/api/handlers/clip_upload.go:198.8,200.3 1 0
velox/go-master/internal/api/handlers/clip_upload.go:204.16,211.3 3 0
velox/go-master/internal/api/handlers/drive_upload.go:27.51,29.16 2 0
velox/go-master/internal/api/handlers/drive_upload.go:34.2,35.47 2 0
velox/go-master/internal/api/handlers/drive_upload.go:40.2,40.46 1 0
velox/go-master/internal/api/handlers/drive_upload.go:45.2,46.17 2 0
velox/go-master/internal/api/handlers/drive_upload.go:49.2,53.16 3 0
velox/go-master/internal/api/handlers/drive_upload.go:58.2,59.16 2 0
velox/go-master/internal/api/handlers/drive_upload.go:65.2,73.39 3 0
velox/go-master/internal/api/handlers/drive_upload.go:121.2,128.4 1 0
velox/go-master/internal/api/handlers/drive_upload.go:29.16,32.3 2 0
velox/go-master/internal/api/handlers/drive_upload.go:35.47,38.3 2 0
velox/go-master/internal/api/handlers/drive_upload.go:40.46,43.3 2 0
velox/go-master/internal/api/handlers/drive_upload.go:46.17,48.3 1 0
velox/go-master/internal/api/handlers/drive_upload.go:53.16,56.3 2 0
velox/go-master/internal/api/handlers/drive_upload.go:59.16,62.3 2 0
velox/go-master/internal/api/handlers/drive_upload.go:73.39,100.68 5 0
velox/go-master/internal/api/handlers/drive_upload.go:105.3,108.17 3 0
velox/go-master/internal/api/handlers/drive_upload.go:113.3,118.5 1 0
velox/go-master/internal/api/handlers/drive_upload.go:100.68,102.12 2 0
velox/go-master/internal/api/handlers/drive_upload.go:108.17,110.12 2 0
velox/go-master/internal/api/handlers/drive_upload.go:140.62,142.16 2 0
velox/go-master/internal/api/handlers/drive_upload.go:147.2,148.47 2 0
velox/go-master/internal/api/handlers/drive_upload.go:153.2,154.17 2 0
velox/go-master/internal/api/handlers/drive_upload.go:158.2,159.17 2 0
velox/go-master/internal/api/handlers/drive_upload.go:162.2,166.16 3 0
velox/go-master/internal/api/handlers/drive_upload.go:171.2,172.16 2 0
velox/go-master/internal/api/handlers/drive_upload.go:178.2,189.16 4 0
velox/go-master/internal/api/handlers/drive_upload.go:196.2,197.21 2 0
velox/go-master/internal/api/handlers/drive_upload.go:202.2,209.16 5 0
velox/go-master/internal/api/handlers/drive_upload.go:215.2,251.22 9 0
velox/go-master/internal/api/handlers/drive_upload.go:257.2,264.4 1 0
velox/go-master/internal/api/handlers/drive_upload.go:142.16,145.3 2 0
velox/go-master/internal/api/handlers/drive_upload.go:148.47,151.3 2 0
velox/go-master/internal/api/handlers/drive_upload.go:154.17,156.3 1 0
velox/go-master/internal/api/handlers/drive_upload.go:159.17,161.3 1 0
velox/go-master/internal/api/handlers/drive_upload.go:166.16,169.3 2 0
velox/go-master/internal/api/handlers/drive_upload.go:172.16,175.3 2 0
velox/go-master/internal/api/handlers/drive_upload.go:189.16,193.3 3 0
velox/go-master/internal/api/handlers/drive_upload.go:197.21,200.3 2 0
velox/go-master/internal/api/handlers/drive_upload.go:209.16,212.3 2 0
velox/go-master/internal/api/handlers/drive_upload.go:251.22,255.3 1 0
velox/go-master/internal/api/handlers/gpu_textgen.go:21.73,26.2 1 0
velox/go-master/internal/api/handlers/gpu_textgen.go:36.51,37.25 1 0
velox/go-master/internal/api/handlers/gpu_textgen.go:45.2,46.16 2 0
velox/go-master/internal/api/handlers/gpu_textgen.go:54.2,61.4 2 0
velox/go-master/internal/api/handlers/gpu_textgen.go:37.25,42.3 2 0
velox/go-master/internal/api/handlers/gpu_textgen.go:46.16,52.3 2 0
velox/go-master/internal/api/handlers/gpu_textgen.go:72.49,77.2 1 0
velox/go-master/internal/api/handlers/gpu_textgen.go:86.84,91.2 1 0
velox/go-master/internal/api/handlers/gpu_textgen.go:104.55,106.47 2 0
velox/go-master/internal/api/handlers/gpu_textgen.go:111.2,112.16 2 0
velox/go-master/internal/api/handlers/gpu_textgen.go:118.2,118.31 1 0
velox/go-master/internal/api/handlers/gpu_textgen.go:106.47,109.3 2 0
velox/go-master/internal/api/handlers/gpu_textgen.go:112.16,116.3 3 0
velox/go-master/internal/api/handlers/gpu_textgen.go:132.57,134.47 2 0
velox/go-master/internal/api/handlers/gpu_textgen.go:139.2,140.16 2 0
velox/go-master/internal/api/handlers/gpu_textgen.go:146.2,146.31 1 0
velox/go-master/internal/api/handlers/gpu_textgen.go:134.47,137.3 2 0
velox/go-master/internal/api/handlers/gpu_textgen.go:140.16,144.3 3 0
velox/go-master/internal/api/handlers/gpu_textgen.go:157.65,160.2 2 0
velox/go-master/internal/api/handlers/gpu_textgen.go:163.65,165.2 2 0
velox/go-master/internal/api/handlers/gpu_textgen.go:165.2,168.3 2 0
velox/go-master/internal/api/handlers/gpu_textgen.go:172.69,174.2 2 0
velox/go-master/internal/api/handlers/gpu_textgen.go:179.2,180.2 2 0
velox/go-master/internal/api/handlers/gpu_textgen.go:174.2,177.3 2 0
velox/go-master/internal/api/handlers/gpu_textgen.go:180.2,182.3 1 0
velox/go-master/internal/api/handlers/gpu_textgen.go:193.111,198.2 1 0
velox/go-master/internal/api/handlers/gpu_textgen.go:201.72,204.2 2 0
velox/go-master/internal/api/handlers/job.go:15.58,17.2 1 0
velox/go-master/internal/api/handlers/job.go:19.58,21.1 2 0
velox/go-master/internal/api/handlers/job.go:21.1,29.2 7 0
velox/go-master/internal/api/handlers/job.go:32.47,34.46 2 0
velox/go-master/internal/api/handlers/job.go:38.1,38.46 1 0
velox/go-master/internal/api/handlers/job.go:42.1,44.15 3 0
velox/go-master/internal/api/handlers/job.go:48.1,48.75 1 0
velox/go-master/internal/api/handlers/job.go:34.46,37.2 2 0
velox/go-master/internal/api/handlers/job.go:38.46,41.2 2 0
velox/go-master/internal/api/handlers/job.go:44.15,47.2 2 0
velox/go-master/internal/api/handlers/job.go:51.48,53.46 2 0
velox/go-master/internal/api/handlers/job.go:57.1,58.15 2 0
velox/go-master/internal/api/handlers/job.go:62.1,62.84 1 0
velox/go-master/internal/api/handlers/job.go:53.46,56.2 2 0
velox/go-master/internal/api/handlers/job.go:58.15,61.2 2 0
velox/go-master/internal/api/handlers/job.go:65.45,67.15 2 0
velox/go-master/internal/api/handlers/job.go:75.1,75.54 1 0
velox/go-master/internal/api/handlers/job.go:67.15,69.34 2 0
velox/go-master/internal/api/handlers/job.go:72.1,73.7 2 0
velox/go-master/internal/api/handlers/job.go:69.34,71.2 1 0
velox/go-master/internal/api/handlers/job.go:78.54,85.46 2 0
velox/go-master/internal/api/handlers/job.go:89.1,89.134 1 0
velox/go-master/internal/api/handlers/job.go:93.1,93.88 1 0
velox/go-master/internal/api/handlers/job.go:85.46,88.2 2 0
velox/go-master/internal/api/handlers/job.go:89.134,92.2 2 0
velox/go-master/internal/api/handlers/job.go:96.48,97.79 1 0
velox/go-master/internal/api/handlers/job.go:105.1,105.66 1 0
velox/go-master/internal/api/handlers/job.go:97.79,99.34 2 0
velox/go-master/internal/api/handlers/job.go:102.1,103.7 2 0
velox/go-master/internal/api/handlers/job.go:99.34,101.2 1 0
velox/go-master/internal/api/handlers/job.go:108.48,112.46 2 0
velox/go-master/internal/api/handlers/job.go:116.1,116.101 1 0
velox/go-master/internal/api/handlers/job.go:120.1,120.93 1 0
velox/go-master/internal/api/handlers/job.go:112.46,115.2 2 0
velox/go-master/internal/api/handlers/job.go:116.101,119.2 2 0
velox/go-master/internal/api/handlers/job.go:123.49,124.83 1 0
velox/go-master/internal/api/handlers/job.go:128.1,128.66 1 0
velox/go-master/internal/api/handlers/job.go:124.83,127.2 2 0
velox/go-master/internal/api/handlers/youtube_helpers.go:9.74,10.22 1 0
velox/go-master/internal/api/handlers/youtube_helpers.go:24.2,24.21 1 0
velox/go-master/internal/api/handlers/youtube_helpers.go:27.2,27.23 1 0
velox/go-master/internal/api/handlers/youtube_helpers.go:30.2,30.11 1 0
velox/go-master/internal/api/handlers/youtube_helpers.go:10.22,12.87 1 0
velox/go-master/internal/api/handlers/youtube_helpers.go:19.3,19.46 1 0
velox/go-master/internal/api/handlers/youtube_helpers.go:22.3,22.32 1 0
velox/go-master/internal/api/handlers/youtube_helpers.go:12.87,15.22 3 0
velox/go-master/internal/api/handlers/youtube_helpers.go:15.22,17.5 1 0
velox/go-master/internal/api/handlers/youtube_helpers.go:19.46,21.4 1 0
velox/go-master/internal/api/handlers/youtube_helpers.go:24.21,26.3 1 0
velox/go-master/internal/api/handlers/youtube_helpers.go:27.23,29.3 1 0
velox/go-master/internal/api/handlers/youtube_helpers.go:34.40,41.35 2 0
velox/go-master/internal/api/handlers/youtube_helpers.go:48.2,48.11 1 0
velox/go-master/internal/api/handlers/youtube_helpers.go:41.35,44.21 3 0
velox/go-master/internal/api/handlers/youtube_helpers.go:44.21,46.4 1 0
